狀態 4 衝突：1 項偏移/縮減
狀態 218 衝突：11 項偏移/縮減
狀態 253 衝突：1 項偏移/縮減


文法

    0 $accept: Program $end

    1 $@1: ε

    2 Program: $@1 GlobalStmtList
    3        | ε

    4 GlobalStmtList: GlobalStmtList GlobalStmt
    5               | GlobalStmt

    6 GlobalStmt: DefineVariableStmt
    7           | FunctionDefStmt

    8 $@2: ε

    9 DefineVariableStmt: VARIABLE_T $@2 IdentList ';'

   10 IdentList: IDENT
   11          | IdentList ',' IDENT
   12          | IDENT VAL_ASSIGN Expression
   13          | IdentList ',' IDENT VAL_ASSIGN Expression
   14          | IDENT '[' INT_LIT ']'
   15          | IdentList ',' IDENT '[' INT_LIT ']'
   16          | IDENT '[' INT_LIT ']' '[' INT_LIT ']'
   17          | IdentList ',' IDENT '[' INT_LIT ']' '[' INT_LIT ']'

   18 $@3: ε

   19 IdentList: IDENT '[' INT_LIT ']' $@3 VAL_ASSIGN '{' InitializerList '}'
   20          | IdentList ',' IDENT '[' INT_LIT ']' VAL_ASSIGN '{' InitializerList '}'

   21 InitializerList: InitializerList ',' Expression
   22                | Expression
   23                | ε

   24 $@4: ε

   25 $@5: ε

   26 $@6: ε

   27 FunctionDefStmt: VARIABLE_T IDENT '(' $@4 $@5 FunctionParameterStmtList $@6 ')' '{' StmtList '}'

   28 FunctionParameterStmtList: FunctionParameterStmtList ',' FunctionParameterStmt
   29                          | FunctionParameterStmt
   30                          | ε

   31 FunctionParameterStmt: VARIABLE_T IDENT '[' ']'
   32                      | VARIABLE_T IDENT

   33 StmtList: StmtList Stmt
   34         | Stmt

   35 Stmt: ';'
   36     | COUT CoutParmListStmt ';'
   37     | RETURN Expression ';'
   38     | RETURN ';'

   39 $@7: ε

   40 Stmt: IDENT $@7 IdentAssign ';'
   41     | IFStmt

   42 $@8: ε

   43 $@9: ε

   44 Stmt: FOR $@8 '(' $@9 For ')' '{' StmtList '}'

   45 $@10: ε

   46 $@11: ε

   47 Stmt: WHILE $@10 '(' Expression ')' $@11 '{' StmtList '}'
   48     | BREAK ';'
   49     | CONTINUE ';'
   50     | ArrayAssignmentStmt ';'
   51     | DefineVariableStmt
   52     | Callfunction ';'

   53 For: F1 ';' F2 ';' F3
   54    | VARIABLE_T IDENT ':' IDENT

   55 F1: VARIABLE_T F1_List1
   56   | F1_List2
   57   | ε

   58 F1_List1: F1_List1 ',' IDENT VAL_ASSIGN Expression
   59         | IDENT VAL_ASSIGN Expression

   60 F1_List2: F1_List2 ',' IDENT VAL_ASSIGN Expression
   61         | IDENT VAL_ASSIGN Expression

   62 F2: Expression
   63   | ε

   64 $@12: ε

   65 F3: IDENT $@12 IdentAssign
   66   | ε

   67 $@13: ε

   68 $@14: ε

   69 IFStmt: IF '(' Expression ')' $@13 '{' StmtList '}' $@14 ElseStmt

   70 $@15: ε

   71 IFStmt: IF '(' Expression ')' $@15 StmtList ElseStmt

   72 $@16: ε

   73 ElseStmt: ELSE $@16 '{' StmtList '}'

   74 $@17: ε

   75 ElseStmt: ELSE $@17 IFStmt
   76         | ε

   77 IdentAssign: VAL_ASSIGN Expression
   78            | ADD_ASSIGN Expression
   79            | SUB_ASSIGN Expression
   80            | MUL_ASSIGN Expression
   81            | DIV_ASSIGN Expression
   82            | SHR_ASSIGN Expression
   83            | SHL_ASSIGN Expression
   84            | BOR_ASSIGN Expression
   85            | BAN_ASSIGN Expression
   86            | BXO_ASSIGN Expression
   87            | REM_ASSIGN Expression
   88            | INC_ASSIGN
   89            | DEC_ASSIGN

   90 $@18: ε

   91 ArrayAssignmentStmt: IDENT '[' Expression ']' $@18 VAL_ASSIGN Expression

   92 $@19: ε

   93 ArrayAssignmentStmt: IDENT '[' Expression ']' '[' Expression ']' $@19 VAL_ASSIGN Expression

   94 CoutParmListStmt: CoutParmListStmt SHL Expression
   95                 | SHL Expression

   96 Expression: LORExpression

   97 Callfunction: IDENT '(' Funcparameter ')'

   98 Funcparameter: FuncparameterList
   99              | ε

  100 FuncparameterList: FuncparameterList ',' Expression
  101                  | Expression

  102 LORExpression: LORExpression LOR LANExpression
  103              | LANExpression

  104 LANExpression: LANExpression LAN BitwiseExpression
  105              | BitwiseExpression

  106 BitwiseExpression: BitwiseExpression BOR RelationalExpression
  107                  | BitwiseExpression BXO RelationalExpression
  108                  | BitwiseExpression BAN RelationalExpression
  109                  | BitwiseExpression BNT RelationalExpression
  110                  | RelationalExpression

  111 RelationalExpression: RelationalExpression EQL ShiftExpression
  112                     | RelationalExpression NEQ ShiftExpression
  113                     | RelationalExpression LES ShiftExpression
  114                     | RelationalExpression LEQ ShiftExpression
  115                     | RelationalExpression GTR ShiftExpression
  116                     | RelationalExpression GEQ ShiftExpression
  117                     | ShiftExpression

  118 ShiftExpression: ShiftExpression SHR AdditiveExpression
  119                | AdditiveExpression

  120 AdditiveExpression: AdditiveExpression ADD MultiplicativeExpression
  121                   | AdditiveExpression SUB MultiplicativeExpression
  122                   | MultiplicativeExpression

  123 MultiplicativeExpression: MultiplicativeExpression MUL CastExpression
  124                         | MultiplicativeExpression DIV CastExpression
  125                         | MultiplicativeExpression REM CastExpression
  126                         | CastExpression

  127 CastExpression: '(' VARIABLE_T ')' CastExpression
  128               | UnaryExpression

  129 UnaryExpression: NOT UnaryExpression
  130                | BNT UnaryExpression
  131                | SUB UnaryExpression
  132                | PrimaryExpression

  133 PrimaryExpression: INT_LIT
  134                  | FLOAT_LIT
  135                  | BOOL_LIT
  136                  | IDENT
  137                  | STR_LIT
  138                  | '(' Expression ')'
  139                  | IDENT '[' Expression ']'
  140                  | IDENT '[' Expression ']' '[' Expression ']'
  141                  | Callfunction


終結語詞，附有它們出現處的規則

    $end (0) 0
    '(' (40) 27 44 47 69 71 97 127 138
    ')' (41) 27 44 47 69 71 97 127 138
    ',' (44) 11 13 15 17 20 21 28 58 60 100
    ':' (58) 54
    ';' (59) 9 35 36 37 38 40 48 49 50 52 53
    '[' (91) 14 15 16 17 19 20 31 91 93 139 140
    ']' (93) 14 15 16 17 19 20 31 91 93 139 140
    '{' (123) 19 20 27 44 47 69 73
    '}' (125) 19 20 27 44 47 69 73
    error (256)
    COUT (258) 36
    SHR (259) 118
    SHL (260) 94 95
    BAN (261) 108
    BOR (262) 106
    BNT (263) 109 130
    BXO (264) 107
    ADD (265) 120
    SUB (266) 121 131
    MUL (267) 123
    DIV (268) 124
    REM (269) 125
    NOT (270) 129
    GTR (271) 115
    LES (272) 113
    GEQ (273) 116
    LEQ (274) 114
    EQL (275) 111
    NEQ (276) 112
    LAN (277) 104
    LOR (278) 102
    VAL_ASSIGN (279) 12 13 19 20 58 59 60 61 77 91 93
    ADD_ASSIGN (280) 78
    SUB_ASSIGN (281) 79
    MUL_ASSIGN (282) 80
    DIV_ASSIGN (283) 81
    REM_ASSIGN (284) 87
    BAN_ASSIGN (285) 85
    BOR_ASSIGN (286) 84
    BXO_ASSIGN (287) 86
    SHR_ASSIGN (288) 82
    SHL_ASSIGN (289) 83
    INC_ASSIGN (290) 88
    DEC_ASSIGN (291) 89
    IF (292) 69 71
    ELSE (293) 73 75
    FOR (294) 44
    WHILE (295) 47
    RETURN (296) 37 38
    BREAK (297) 48
    CONTINUE (298) 49
    VARIABLE_T <var_type> (299) 9 27 31 32 54 55 127
    IDENT <s_var> (300) 10 11 12 13 14 15 16 17 19 20 27 31 32 40 54 58 59 60 61 65 91 93 97 136 139 140
    STR_LIT <s_var> (301) 137
    INT_LIT <i_var> (302) 14 15 16 17 19 20 133
    FLOAT_LIT <f_var> (303) 134
    BOOL_LIT <b_var> (304) 135


非終結語詞，附有它們出現處的規則

    $accept (59)
        於左側： 0
    Program (60)
        於左側： 2 3
        於右側： 0
    $@1 (61)
        於左側： 1
        於右側： 2
    GlobalStmtList (62)
        於左側： 4 5
        於右側： 2 4
    GlobalStmt (63)
        於左側： 6 7
        於右側： 4 5
    DefineVariableStmt (64)
        於左側： 9
        於右側： 6 51
    $@2 (65)
        於左側： 8
        於右側： 9
    IdentList (66)
        於左側： 10 11 12 13 14 15 16 17 19 20
        於右側： 9 11 13 15 17 20
    $@3 (67)
        於左側： 18
        於右側： 19
    InitializerList (68)
        於左側： 21 22 23
        於右側： 19 20 21
    FunctionDefStmt (69)
        於左側： 27
        於右側： 7
    $@4 (70)
        於左側： 24
        於右側： 27
    $@5 (71)
        於左側： 25
        於右側： 27
    $@6 (72)
        於左側： 26
        於右側： 27
    FunctionParameterStmtList (73)
        於左側： 28 29 30
        於右側： 27 28
    FunctionParameterStmt (74)
        於左側： 31 32
        於右側： 28 29
    StmtList (75)
        於左側： 33 34
        於右側： 27 33 44 47 69 71 73
    Stmt (76)
        於左側： 35 36 37 38 40 41 44 47 48 49 50 51 52
        於右側： 33 34
    $@7 (77)
        於左側： 39
        於右側： 40
    $@8 (78)
        於左側： 42
        於右側： 44
    $@9 (79)
        於左側： 43
        於右側： 44
    $@10 (80)
        於左側： 45
        於右側： 47
    $@11 (81)
        於左側： 46
        於右側： 47
    For (82)
        於左側： 53 54
        於右側： 44
    F1 (83)
        於左側： 55 56 57
        於右側： 53
    F1_List1 (84)
        於左側： 58 59
        於右側： 55 58
    F1_List2 (85)
        於左側： 60 61
        於右側： 56 60
    F2 (86)
        於左側： 62 63
        於右側： 53
    F3 (87)
        於左側： 65 66
        於右側： 53
    $@12 (88)
        於左側： 64
        於右側： 65
    IFStmt (89)
        於左側： 69 71
        於右側： 41 75
    $@13 (90)
        於左側： 67
        於右側： 69
    $@14 (91)
        於左側： 68
        於右側： 69
    $@15 (92)
        於左側： 70
        於右側： 71
    ElseStmt (93)
        於左側： 73 75 76
        於右側： 69 71
    $@16 (94)
        於左側： 72
        於右側： 73
    $@17 (95)
        於左側： 74
        於右側： 75
    IdentAssign (96)
        於左側： 77 78 79 80 81 82 83 84 85 86 87 88 89
        於右側： 40 65
    ArrayAssignmentStmt (97)
        於左側： 91 93
        於右側： 50
    $@18 (98)
        於左側： 90
        於右側： 91
    $@19 (99)
        於左側： 92
        於右側： 93
    CoutParmListStmt (100)
        於左側： 94 95
        於右側： 36 94
    Expression <object_val> (101)
        於左側： 96
        於右側： 12 13 21 22 37 47 58 59 60 61 62 69 71 77 78 79 80 81 82 83 84 85 86 87 91 93 94 95 100 101 138 139 140
    Callfunction <object_val> (102)
        於左側： 97
        於右側： 52 141
    Funcparameter (103)
        於左側： 98 99
        於右側： 97
    FuncparameterList (104)
        於左側： 100 101
        於右側： 98 100
    LORExpression <object_val> (105)
        於左側： 102 103
        於右側： 96 102
    LANExpression <object_val> (106)
        於左側： 104 105
        於右側： 102 103 104
    BitwiseExpression <object_val> (107)
        於左側： 106 107 108 109 110
        於右側： 104 105 106 107 108 109
    RelationalExpression <object_val> (108)
        於左側： 111 112 113 114 115 116 117
        於右側： 106 107 108 109 110 111 112 113 114 115 116
    ShiftExpression <object_val> (109)
        於左側： 118 119
        於右側： 111 112 113 114 115 116 117 118
    AdditiveExpression <object_val> (110)
        於左側： 120 121 122
        於右側： 118 119 120 121
    MultiplicativeExpression <object_val> (111)
        於左側： 123 124 125 126
        於右側： 120 121 122 123 124 125
    CastExpression <object_val> (112)
        於左側： 127 128
        於右側： 123 124 125 126 127
    UnaryExpression <object_val> (113)
        於左側： 129 130 131 132
        於右側： 128 129 130 131
    PrimaryExpression <object_val> (114)
        於左側： 133 134 135 136 137 138 139 140 141
        於右側： 132


狀態 0

    0 $accept: • Program $end

    $end      使用規則 3 以縮減 (Program)
    $default  使用規則 1 以縮減 ($@1)

    Program  進入狀態 1
    $@1      進入狀態 2


狀態 1

    0 $accept: Program • $end

    $end  偏移，並進入狀態 3


狀態 2

    2 Program: $@1 • GlobalStmtList

    VARIABLE_T  偏移，並進入狀態 4

    GlobalStmtList      進入狀態 5
    GlobalStmt          進入狀態 6
    DefineVariableStmt  進入狀態 7
    FunctionDefStmt     進入狀態 8


狀態 3

    0 $accept: Program $end •

    $default  接受


狀態 4

    9 DefineVariableStmt: VARIABLE_T • $@2 IdentList ';'
   27 FunctionDefStmt: VARIABLE_T • IDENT '(' $@4 $@5 FunctionParameterStmtList $@6 ')' '{' StmtList '}'

    IDENT  偏移，並進入狀態 9

    IDENT  [使用規則 8 以縮減 ($@2)]

    $@2  進入狀態 10


狀態 5

    2 Program: $@1 GlobalStmtList •
    4 GlobalStmtList: GlobalStmtList • GlobalStmt

    VARIABLE_T  偏移，並進入狀態 4

    $default  使用規則 2 以縮減 (Program)

    GlobalStmt          進入狀態 11
    DefineVariableStmt  進入狀態 7
    FunctionDefStmt     進入狀態 8


狀態 6

    5 GlobalStmtList: GlobalStmt •

    $default  使用規則 5 以縮減 (GlobalStmtList)


狀態 7

    6 GlobalStmt: DefineVariableStmt •

    $default  使用規則 6 以縮減 (GlobalStmt)


狀態 8

    7 GlobalStmt: FunctionDefStmt •

    $default  使用規則 7 以縮減 (GlobalStmt)


狀態 9

   27 FunctionDefStmt: VARIABLE_T IDENT • '(' $@4 $@5 FunctionParameterStmtList $@6 ')' '{' StmtList '}'

    '('  偏移，並進入狀態 12


狀態 10

    9 DefineVariableStmt: VARIABLE_T $@2 • IdentList ';'

    IDENT  偏移，並進入狀態 13

    IdentList  進入狀態 14


狀態 11

    4 GlobalStmtList: GlobalStmtList GlobalStmt •

    $default  使用規則 4 以縮減 (GlobalStmtList)


狀態 12

   27 FunctionDefStmt: VARIABLE_T IDENT '(' • $@4 $@5 FunctionParameterStmtList $@6 ')' '{' StmtList '}'

    $default  使用規則 24 以縮減 ($@4)

    $@4  進入狀態 15


狀態 13

   10 IdentList: IDENT •
   12          | IDENT • VAL_ASSIGN Expression
   14          | IDENT • '[' INT_LIT ']'
   16          | IDENT • '[' INT_LIT ']' '[' INT_LIT ']'
   19          | IDENT • '[' INT_LIT ']' $@3 VAL_ASSIGN '{' InitializerList '}'

    VAL_ASSIGN  偏移，並進入狀態 16
    '['         偏移，並進入狀態 17

    $default  使用規則 10 以縮減 (IdentList)


狀態 14

    9 DefineVariableStmt: VARIABLE_T $@2 IdentList • ';'
   11 IdentList: IdentList • ',' IDENT
   13          | IdentList • ',' IDENT VAL_ASSIGN Expression
   15          | IdentList • ',' IDENT '[' INT_LIT ']'
   17          | IdentList • ',' IDENT '[' INT_LIT ']' '[' INT_LIT ']'
   20          | IdentList • ',' IDENT '[' INT_LIT ']' VAL_ASSIGN '{' InitializerList '}'

    ';'  偏移，並進入狀態 18
    ','  偏移，並進入狀態 19


狀態 15

   27 FunctionDefStmt: VARIABLE_T IDENT '(' $@4 • $@5 FunctionParameterStmtList $@6 ')' '{' StmtList '}'

    $default  使用規則 25 以縮減 ($@5)

    $@5  進入狀態 20


狀態 16

   12 IdentList: IDENT VAL_ASSIGN • Expression

    BNT        偏移，並進入狀態 21
    SUB        偏移，並進入狀態 22
    NOT        偏移，並進入狀態 23
    IDENT      偏移，並進入狀態 24
    STR_LIT    偏移，並進入狀態 25
    INT_LIT    偏移，並進入狀態 26
    FLOAT_LIT  偏移，並進入狀態 27
    BOOL_LIT   偏移，並進入狀態 28
    '('        偏移，並進入狀態 29

    Expression                進入狀態 30
    Callfunction              進入狀態 31
    LORExpression             進入狀態 32
    LANExpression             進入狀態 33
    BitwiseExpression         進入狀態 34
    RelationalExpression      進入狀態 35
    ShiftExpression           進入狀態 36
    AdditiveExpression        進入狀態 37
    MultiplicativeExpression  進入狀態 38
    CastExpression            進入狀態 39
    UnaryExpression           進入狀態 40
    PrimaryExpression         進入狀態 41


狀態 17

   14 IdentList: IDENT '[' • INT_LIT ']'
   16          | IDENT '[' • INT_LIT ']' '[' INT_LIT ']'
   19          | IDENT '[' • INT_LIT ']' $@3 VAL_ASSIGN '{' InitializerList '}'

    INT_LIT  偏移，並進入狀態 42


狀態 18

    9 DefineVariableStmt: VARIABLE_T $@2 IdentList ';' •

    $default  使用規則 9 以縮減 (DefineVariableStmt)


狀態 19

   11 IdentList: IdentList ',' • IDENT
   13          | IdentList ',' • IDENT VAL_ASSIGN Expression
   15          | IdentList ',' • IDENT '[' INT_LIT ']'
   17          | IdentList ',' • IDENT '[' INT_LIT ']' '[' INT_LIT ']'
   20          | IdentList ',' • IDENT '[' INT_LIT ']' VAL_ASSIGN '{' InitializerList '}'

    IDENT  偏移，並進入狀態 43


狀態 20

   27 FunctionDefStmt: VARIABLE_T IDENT '(' $@4 $@5 • FunctionParameterStmtList $@6 ')' '{' StmtList '}'

    VARIABLE_T  偏移，並進入狀態 44

    $default  使用規則 30 以縮減 (FunctionParameterStmtList)

    FunctionParameterStmtList  進入狀態 45
    FunctionParameterStmt      進入狀態 46


狀態 21

  130 UnaryExpression: BNT • UnaryExpression

    BNT        偏移，並進入狀態 21
    SUB        偏移，並進入狀態 22
    NOT        偏移，並進入狀態 23
    IDENT      偏移，並進入狀態 24
    STR_LIT    偏移，並進入狀態 25
    INT_LIT    偏移，並進入狀態 26
    FLOAT_LIT  偏移，並進入狀態 27
    BOOL_LIT   偏移，並進入狀態 28
    '('        偏移，並進入狀態 47

    Callfunction       進入狀態 31
    UnaryExpression    進入狀態 48
    PrimaryExpression  進入狀態 41


狀態 22

  131 UnaryExpression: SUB • UnaryExpression

    BNT        偏移，並進入狀態 21
    SUB        偏移，並進入狀態 22
    NOT        偏移，並進入狀態 23
    IDENT      偏移，並進入狀態 24
    STR_LIT    偏移，並進入狀態 25
    INT_LIT    偏移，並進入狀態 26
    FLOAT_LIT  偏移，並進入狀態 27
    BOOL_LIT   偏移，並進入狀態 28
    '('        偏移，並進入狀態 47

    Callfunction       進入狀態 31
    UnaryExpression    進入狀態 49
    PrimaryExpression  進入狀態 41


狀態 23

  129 UnaryExpression: NOT • UnaryExpression

    BNT        偏移，並進入狀態 21
    SUB        偏移，並進入狀態 22
    NOT        偏移，並進入狀態 23
    IDENT      偏移，並進入狀態 24
    STR_LIT    偏移，並進入狀態 25
    INT_LIT    偏移，並進入狀態 26
    FLOAT_LIT  偏移，並進入狀態 27
    BOOL_LIT   偏移，並進入狀態 28
    '('        偏移，並進入狀態 47

    Callfunction       進入狀態 31
    UnaryExpression    進入狀態 50
    PrimaryExpression  進入狀態 41


狀態 24

   97 Callfunction: IDENT • '(' Funcparameter ')'
  136 PrimaryExpression: IDENT •
  139                  | IDENT • '[' Expression ']'
  140                  | IDENT • '[' Expression ']' '[' Expression ']'

    '('  偏移，並進入狀態 51
    '['  偏移，並進入狀態 52

    $default  使用規則 136 以縮減 (PrimaryExpression)


狀態 25

  137 PrimaryExpression: STR_LIT •

    $default  使用規則 137 以縮減 (PrimaryExpression)


狀態 26

  133 PrimaryExpression: INT_LIT •

    $default  使用規則 133 以縮減 (PrimaryExpression)


狀態 27

  134 PrimaryExpression: FLOAT_LIT •

    $default  使用規則 134 以縮減 (PrimaryExpression)


狀態 28

  135 PrimaryExpression: BOOL_LIT •

    $default  使用規則 135 以縮減 (PrimaryExpression)


狀態 29

  127 CastExpression: '(' • VARIABLE_T ')' CastExpression
  138 PrimaryExpression: '(' • Expression ')'

    BNT         偏移，並進入狀態 21
    SUB         偏移，並進入狀態 22
    NOT         偏移，並進入狀態 23
    VARIABLE_T  偏移，並進入狀態 53
    IDENT       偏移，並進入狀態 24
    STR_LIT     偏移，並進入狀態 25
    INT_LIT     偏移，並進入狀態 26
    FLOAT_LIT   偏移，並進入狀態 27
    BOOL_LIT    偏移，並進入狀態 28
    '('         偏移，並進入狀態 29

    Expression                進入狀態 54
    Callfunction              進入狀態 31
    LORExpression             進入狀態 32
    LANExpression             進入狀態 33
    BitwiseExpression         進入狀態 34
    RelationalExpression      進入狀態 35
    ShiftExpression           進入狀態 36
    AdditiveExpression        進入狀態 37
    MultiplicativeExpression  進入狀態 38
    CastExpression            進入狀態 39
    UnaryExpression           進入狀態 40
    PrimaryExpression         進入狀態 41


狀態 30

   12 IdentList: IDENT VAL_ASSIGN Expression •

    $default  使用規則 12 以縮減 (IdentList)


狀態 31

  141 PrimaryExpression: Callfunction •

    $default  使用規則 141 以縮減 (PrimaryExpression)


狀態 32

   96 Expression: LORExpression •
  102 LORExpression: LORExpression • LOR LANExpression

    LOR  偏移，並進入狀態 55

    $default  使用規則 96 以縮減 (Expression)


狀態 33

  103 LORExpression: LANExpression •
  104 LANExpression: LANExpression • LAN BitwiseExpression

    LAN  偏移，並進入狀態 56

    $default  使用規則 103 以縮減 (LORExpression)


狀態 34

  105 LANExpression: BitwiseExpression •
  106 BitwiseExpression: BitwiseExpression • BOR RelationalExpression
  107                  | BitwiseExpression • BXO RelationalExpression
  108                  | BitwiseExpression • BAN RelationalExpression
  109                  | BitwiseExpression • BNT RelationalExpression

    BAN  偏移，並進入狀態 57
    BOR  偏移，並進入狀態 58
    BNT  偏移，並進入狀態 59
    BXO  偏移，並進入狀態 60

    $default  使用規則 105 以縮減 (LANExpression)


狀態 35

  110 BitwiseExpression: RelationalExpression •
  111 RelationalExpression: RelationalExpression • EQL ShiftExpression
  112                     | RelationalExpression • NEQ ShiftExpression
  113                     | RelationalExpression • LES ShiftExpression
  114                     | RelationalExpression • LEQ ShiftExpression
  115                     | RelationalExpression • GTR ShiftExpression
  116                     | RelationalExpression • GEQ ShiftExpression

    GTR  偏移，並進入狀態 61
    LES  偏移，並進入狀態 62
    GEQ  偏移，並進入狀態 63
    LEQ  偏移，並進入狀態 64
    EQL  偏移，並進入狀態 65
    NEQ  偏移，並進入狀態 66

    $default  使用規則 110 以縮減 (BitwiseExpression)


狀態 36

  117 RelationalExpression: ShiftExpression •
  118 ShiftExpression: ShiftExpression • SHR AdditiveExpression

    SHR  偏移，並進入狀態 67

    $default  使用規則 117 以縮減 (RelationalExpression)


狀態 37

  119 ShiftExpression: AdditiveExpression •
  120 AdditiveExpression: AdditiveExpression • ADD MultiplicativeExpression
  121                   | AdditiveExpression • SUB MultiplicativeExpression

    ADD  偏移，並進入狀態 68
    SUB  偏移，並進入狀態 69

    $default  使用規則 119 以縮減 (ShiftExpression)


狀態 38

  122 AdditiveExpression: MultiplicativeExpression •
  123 MultiplicativeExpression: MultiplicativeExpression • MUL CastExpression
  124                         | MultiplicativeExpression • DIV CastExpression
  125                         | MultiplicativeExpression • REM CastExpression

    MUL  偏移，並進入狀態 70
    DIV  偏移，並進入狀態 71
    REM  偏移，並進入狀態 72

    $default  使用規則 122 以縮減 (AdditiveExpression)


狀態 39

  126 MultiplicativeExpression: CastExpression •

    $default  使用規則 126 以縮減 (MultiplicativeExpression)


狀態 40

  128 CastExpression: UnaryExpression •

    $default  使用規則 128 以縮減 (CastExpression)


狀態 41

  132 UnaryExpression: PrimaryExpression •

    $default  使用規則 132 以縮減 (UnaryExpression)


狀態 42

   14 IdentList: IDENT '[' INT_LIT • ']'
   16          | IDENT '[' INT_LIT • ']' '[' INT_LIT ']'
   19          | IDENT '[' INT_LIT • ']' $@3 VAL_ASSIGN '{' InitializerList '}'

    ']'  偏移，並進入狀態 73


狀態 43

   11 IdentList: IdentList ',' IDENT •
   13          | IdentList ',' IDENT • VAL_ASSIGN Expression
   15          | IdentList ',' IDENT • '[' INT_LIT ']'
   17          | IdentList ',' IDENT • '[' INT_LIT ']' '[' INT_LIT ']'
   20          | IdentList ',' IDENT • '[' INT_LIT ']' VAL_ASSIGN '{' InitializerList '}'

    VAL_ASSIGN  偏移，並進入狀態 74
    '['         偏移，並進入狀態 75

    $default  使用規則 11 以縮減 (IdentList)


狀態 44

   31 FunctionParameterStmt: VARIABLE_T • IDENT '[' ']'
   32                      | VARIABLE_T • IDENT

    IDENT  偏移，並進入狀態 76


狀態 45

   27 FunctionDefStmt: VARIABLE_T IDENT '(' $@4 $@5 FunctionParameterStmtList • $@6 ')' '{' StmtList '}'
   28 FunctionParameterStmtList: FunctionParameterStmtList • ',' FunctionParameterStmt

    ','  偏移，並進入狀態 77

    $default  使用規則 26 以縮減 ($@6)

    $@6  進入狀態 78


狀態 46

   29 FunctionParameterStmtList: FunctionParameterStmt •

    $default  使用規則 29 以縮減 (FunctionParameterStmtList)


狀態 47

  138 PrimaryExpression: '(' • Expression ')'

    BNT        偏移，並進入狀態 21
    SUB        偏移，並進入狀態 22
    NOT        偏移，並進入狀態 23
    IDENT      偏移，並進入狀態 24
    STR_LIT    偏移，並進入狀態 25
    INT_LIT    偏移，並進入狀態 26
    FLOAT_LIT  偏移，並進入狀態 27
    BOOL_LIT   偏移，並進入狀態 28
    '('        偏移，並進入狀態 29

    Expression                進入狀態 54
    Callfunction              進入狀態 31
    LORExpression             進入狀態 32
    LANExpression             進入狀態 33
    BitwiseExpression         進入狀態 34
    RelationalExpression      進入狀態 35
    ShiftExpression           進入狀態 36
    AdditiveExpression        進入狀態 37
    MultiplicativeExpression  進入狀態 38
    CastExpression            進入狀態 39
    UnaryExpression           進入狀態 40
    PrimaryExpression         進入狀態 41


狀態 48

  130 UnaryExpression: BNT UnaryExpression •

    $default  使用規則 130 以縮減 (UnaryExpression)


狀態 49

  131 UnaryExpression: SUB UnaryExpression •

    $default  使用規則 131 以縮減 (UnaryExpression)


狀態 50

  129 UnaryExpression: NOT UnaryExpression •

    $default  使用規則 129 以縮減 (UnaryExpression)


狀態 51

   97 Callfunction: IDENT '(' • Funcparameter ')'

    BNT        偏移，並進入狀態 21
    SUB        偏移，並進入狀態 22
    NOT        偏移，並進入狀態 23
    IDENT      偏移，並進入狀態 24
    STR_LIT    偏移，並進入狀態 25
    INT_LIT    偏移，並進入狀態 26
    FLOAT_LIT  偏移，並進入狀態 27
    BOOL_LIT   偏移，並進入狀態 28
    '('        偏移，並進入狀態 29

    $default  使用規則 99 以縮減 (Funcparameter)

    Expression                進入狀態 79
    Callfunction              進入狀態 31
    Funcparameter             進入狀態 80
    FuncparameterList         進入狀態 81
    LORExpression             進入狀態 32
    LANExpression             進入狀態 33
    BitwiseExpression         進入狀態 34
    RelationalExpression      進入狀態 35
    ShiftExpression           進入狀態 36
    AdditiveExpression        進入狀態 37
    MultiplicativeExpression  進入狀態 38
    CastExpression            進入狀態 39
    UnaryExpression           進入狀態 40
    PrimaryExpression         進入狀態 41


狀態 52

  139 PrimaryExpression: IDENT '[' • Expression ']'
  140                  | IDENT '[' • Expression ']' '[' Expression ']'

    BNT        偏移，並進入狀態 21
    SUB        偏移，並進入狀態 22
    NOT        偏移，並進入狀態 23
    IDENT      偏移，並進入狀態 24
    STR_LIT    偏移，並進入狀態 25
    INT_LIT    偏移，並進入狀態 26
    FLOAT_LIT  偏移，並進入狀態 27
    BOOL_LIT   偏移，並進入狀態 28
    '('        偏移，並進入狀態 29

    Expression                進入狀態 82
    Callfunction              進入狀態 31
    LORExpression             進入狀態 32
    LANExpression             進入狀態 33
    BitwiseExpression         進入狀態 34
    RelationalExpression      進入狀態 35
    ShiftExpression           進入狀態 36
    AdditiveExpression        進入狀態 37
    MultiplicativeExpression  進入狀態 38
    CastExpression            進入狀態 39
    UnaryExpression           進入狀態 40
    PrimaryExpression         進入狀態 41


狀態 53

  127 CastExpression: '(' VARIABLE_T • ')' CastExpression

    ')'  偏移，並進入狀態 83


狀態 54

  138 PrimaryExpression: '(' Expression • ')'

    ')'  偏移，並進入狀態 84


狀態 55

  102 LORExpression: LORExpression LOR • LANExpression

    BNT        偏移，並進入狀態 21
    SUB        偏移，並進入狀態 22
    NOT        偏移，並進入狀態 23
    IDENT      偏移，並進入狀態 24
    STR_LIT    偏移，並進入狀態 25
    INT_LIT    偏移，並進入狀態 26
    FLOAT_LIT  偏移，並進入狀態 27
    BOOL_LIT   偏移，並進入狀態 28
    '('        偏移，並進入狀態 29

    Callfunction              進入狀態 31
    LANExpression             進入狀態 85
    BitwiseExpression         進入狀態 34
    RelationalExpression      進入狀態 35
    ShiftExpression           進入狀態 36
    AdditiveExpression        進入狀態 37
    MultiplicativeExpression  進入狀態 38
    CastExpression            進入狀態 39
    UnaryExpression           進入狀態 40
    PrimaryExpression         進入狀態 41


狀態 56

  104 LANExpression: LANExpression LAN • BitwiseExpression

    BNT        偏移，並進入狀態 21
    SUB        偏移，並進入狀態 22
    NOT        偏移，並進入狀態 23
    IDENT      偏移，並進入狀態 24
    STR_LIT    偏移，並進入狀態 25
    INT_LIT    偏移，並進入狀態 26
    FLOAT_LIT  偏移，並進入狀態 27
    BOOL_LIT   偏移，並進入狀態 28
    '('        偏移，並進入狀態 29

    Callfunction              進入狀態 31
    BitwiseExpression         進入狀態 86
    RelationalExpression      進入狀態 35
    ShiftExpression           進入狀態 36
    AdditiveExpression        進入狀態 37
    MultiplicativeExpression  進入狀態 38
    CastExpression            進入狀態 39
    UnaryExpression           進入狀態 40
    PrimaryExpression         進入狀態 41


狀態 57

  108 BitwiseExpression: BitwiseExpression BAN • RelationalExpression

    BNT        偏移，並進入狀態 21
    SUB        偏移，並進入狀態 22
    NOT        偏移，並進入狀態 23
    IDENT      偏移，並進入狀態 24
    STR_LIT    偏移，並進入狀態 25
    INT_LIT    偏移，並進入狀態 26
    FLOAT_LIT  偏移，並進入狀態 27
    BOOL_LIT   偏移，並進入狀態 28
    '('        偏移，並進入狀態 29

    Callfunction              進入狀態 31
    RelationalExpression      進入狀態 87
    ShiftExpression           進入狀態 36
    AdditiveExpression        進入狀態 37
    MultiplicativeExpression  進入狀態 38
    CastExpression            進入狀態 39
    UnaryExpression           進入狀態 40
    PrimaryExpression         進入狀態 41


狀態 58

  106 BitwiseExpression: BitwiseExpression BOR • RelationalExpression

    BNT        偏移，並進入狀態 21
    SUB        偏移，並進入狀態 22
    NOT        偏移，並進入狀態 23
    IDENT      偏移，並進入狀態 24
    STR_LIT    偏移，並進入狀態 25
    INT_LIT    偏移，並進入狀態 26
    FLOAT_LIT  偏移，並進入狀態 27
    BOOL_LIT   偏移，並進入狀態 28
    '('        偏移，並進入狀態 29

    Callfunction              進入狀態 31
    RelationalExpression      進入狀態 88
    ShiftExpression           進入狀態 36
    AdditiveExpression        進入狀態 37
    MultiplicativeExpression  進入狀態 38
    CastExpression            進入狀態 39
    UnaryExpression           進入狀態 40
    PrimaryExpression         進入狀態 41


狀態 59

  109 BitwiseExpression: BitwiseExpression BNT • RelationalExpression

    BNT        偏移，並進入狀態 21
    SUB        偏移，並進入狀態 22
    NOT        偏移，並進入狀態 23
    IDENT      偏移，並進入狀態 24
    STR_LIT    偏移，並進入狀態 25
    INT_LIT    偏移，並進入狀態 26
    FLOAT_LIT  偏移，並進入狀態 27
    BOOL_LIT   偏移，並進入狀態 28
    '('        偏移，並進入狀態 29

    Callfunction              進入狀態 31
    RelationalExpression      進入狀態 89
    ShiftExpression           進入狀態 36
    AdditiveExpression        進入狀態 37
    MultiplicativeExpression  進入狀態 38
    CastExpression            進入狀態 39
    UnaryExpression           進入狀態 40
    PrimaryExpression         進入狀態 41


狀態 60

  107 BitwiseExpression: BitwiseExpression BXO • RelationalExpression

    BNT        偏移，並進入狀態 21
    SUB        偏移，並進入狀態 22
    NOT        偏移，並進入狀態 23
    IDENT      偏移，並進入狀態 24
    STR_LIT    偏移，並進入狀態 25
    INT_LIT    偏移，並進入狀態 26
    FLOAT_LIT  偏移，並進入狀態 27
    BOOL_LIT   偏移，並進入狀態 28
    '('        偏移，並進入狀態 29

    Callfunction              進入狀態 31
    RelationalExpression      進入狀態 90
    ShiftExpression           進入狀態 36
    AdditiveExpression        進入狀態 37
    MultiplicativeExpression  進入狀態 38
    CastExpression            進入狀態 39
    UnaryExpression           進入狀態 40
    PrimaryExpression         進入狀態 41


狀態 61

  115 RelationalExpression: RelationalExpression GTR • ShiftExpression

    BNT        偏移，並進入狀態 21
    SUB        偏移，並進入狀態 22
    NOT        偏移，並進入狀態 23
    IDENT      偏移，並進入狀態 24
    STR_LIT    偏移，並進入狀態 25
    INT_LIT    偏移，並進入狀態 26
    FLOAT_LIT  偏移，並進入狀態 27
    BOOL_LIT   偏移，並進入狀態 28
    '('        偏移，並進入狀態 29

    Callfunction              進入狀態 31
    ShiftExpression           進入狀態 91
    AdditiveExpression        進入狀態 37
    MultiplicativeExpression  進入狀態 38
    CastExpression            進入狀態 39
    UnaryExpression           進入狀態 40
    PrimaryExpression         進入狀態 41


狀態 62

  113 RelationalExpression: RelationalExpression LES • ShiftExpression

    BNT        偏移，並進入狀態 21
    SUB        偏移，並進入狀態 22
    NOT        偏移，並進入狀態 23
    IDENT      偏移，並進入狀態 24
    STR_LIT    偏移，並進入狀態 25
    INT_LIT    偏移，並進入狀態 26
    FLOAT_LIT  偏移，並進入狀態 27
    BOOL_LIT   偏移，並進入狀態 28
    '('        偏移，並進入狀態 29

    Callfunction              進入狀態 31
    ShiftExpression           進入狀態 92
    AdditiveExpression        進入狀態 37
    MultiplicativeExpression  進入狀態 38
    CastExpression            進入狀態 39
    UnaryExpression           進入狀態 40
    PrimaryExpression         進入狀態 41


狀態 63

  116 RelationalExpression: RelationalExpression GEQ • ShiftExpression

    BNT        偏移，並進入狀態 21
    SUB        偏移，並進入狀態 22
    NOT        偏移，並進入狀態 23
    IDENT      偏移，並進入狀態 24
    STR_LIT    偏移，並進入狀態 25
    INT_LIT    偏移，並進入狀態 26
    FLOAT_LIT  偏移，並進入狀態 27
    BOOL_LIT   偏移，並進入狀態 28
    '('        偏移，並進入狀態 29

    Callfunction              進入狀態 31
    ShiftExpression           進入狀態 93
    AdditiveExpression        進入狀態 37
    MultiplicativeExpression  進入狀態 38
    CastExpression            進入狀態 39
    UnaryExpression           進入狀態 40
    PrimaryExpression         進入狀態 41


狀態 64

  114 RelationalExpression: RelationalExpression LEQ • ShiftExpression

    BNT        偏移，並進入狀態 21
    SUB        偏移，並進入狀態 22
    NOT        偏移，並進入狀態 23
    IDENT      偏移，並進入狀態 24
    STR_LIT    偏移，並進入狀態 25
    INT_LIT    偏移，並進入狀態 26
    FLOAT_LIT  偏移，並進入狀態 27
    BOOL_LIT   偏移，並進入狀態 28
    '('        偏移，並進入狀態 29

    Callfunction              進入狀態 31
    ShiftExpression           進入狀態 94
    AdditiveExpression        進入狀態 37
    MultiplicativeExpression  進入狀態 38
    CastExpression            進入狀態 39
    UnaryExpression           進入狀態 40
    PrimaryExpression         進入狀態 41


狀態 65

  111 RelationalExpression: RelationalExpression EQL • ShiftExpression

    BNT        偏移，並進入狀態 21
    SUB        偏移，並進入狀態 22
    NOT        偏移，並進入狀態 23
    IDENT      偏移，並進入狀態 24
    STR_LIT    偏移，並進入狀態 25
    INT_LIT    偏移，並進入狀態 26
    FLOAT_LIT  偏移，並進入狀態 27
    BOOL_LIT   偏移，並進入狀態 28
    '('        偏移，並進入狀態 29

    Callfunction              進入狀態 31
    ShiftExpression           進入狀態 95
    AdditiveExpression        進入狀態 37
    MultiplicativeExpression  進入狀態 38
    CastExpression            進入狀態 39
    UnaryExpression           進入狀態 40
    PrimaryExpression         進入狀態 41


狀態 66

  112 RelationalExpression: RelationalExpression NEQ • ShiftExpression

    BNT        偏移，並進入狀態 21
    SUB        偏移，並進入狀態 22
    NOT        偏移，並進入狀態 23
    IDENT      偏移，並進入狀態 24
    STR_LIT    偏移，並進入狀態 25
    INT_LIT    偏移，並進入狀態 26
    FLOAT_LIT  偏移，並進入狀態 27
    BOOL_LIT   偏移，並進入狀態 28
    '('        偏移，並進入狀態 29

    Callfunction              進入狀態 31
    ShiftExpression           進入狀態 96
    AdditiveExpression        進入狀態 37
    MultiplicativeExpression  進入狀態 38
    CastExpression            進入狀態 39
    UnaryExpression           進入狀態 40
    PrimaryExpression         進入狀態 41


狀態 67

  118 ShiftExpression: ShiftExpression SHR • AdditiveExpression

    BNT        偏移，並進入狀態 21
    SUB        偏移，並進入狀態 22
    NOT        偏移，並進入狀態 23
    IDENT      偏移，並進入狀態 24
    STR_LIT    偏移，並進入狀態 25
    INT_LIT    偏移，並進入狀態 26
    FLOAT_LIT  偏移，並進入狀態 27
    BOOL_LIT   偏移，並進入狀態 28
    '('        偏移，並進入狀態 29

    Callfunction              進入狀態 31
    AdditiveExpression        進入狀態 97
    MultiplicativeExpression  進入狀態 38
    CastExpression            進入狀態 39
    UnaryExpression           進入狀態 40
    PrimaryExpression         進入狀態 41


狀態 68

  120 AdditiveExpression: AdditiveExpression ADD • MultiplicativeExpression

    BNT        偏移，並進入狀態 21
    SUB        偏移，並進入狀態 22
    NOT        偏移，並進入狀態 23
    IDENT      偏移，並進入狀態 24
    STR_LIT    偏移，並進入狀態 25
    INT_LIT    偏移，並進入狀態 26
    FLOAT_LIT  偏移，並進入狀態 27
    BOOL_LIT   偏移，並進入狀態 28
    '('        偏移，並進入狀態 29

    Callfunction              進入狀態 31
    MultiplicativeExpression  進入狀態 98
    CastExpression            進入狀態 39
    UnaryExpression           進入狀態 40
    PrimaryExpression         進入狀態 41


狀態 69

  121 AdditiveExpression: AdditiveExpression SUB • MultiplicativeExpression

    BNT        偏移，並進入狀態 21
    SUB        偏移，並進入狀態 22
    NOT        偏移，並進入狀態 23
    IDENT      偏移，並進入狀態 24
    STR_LIT    偏移，並進入狀態 25
    INT_LIT    偏移，並進入狀態 26
    FLOAT_LIT  偏移，並進入狀態 27
    BOOL_LIT   偏移，並進入狀態 28
    '('        偏移，並進入狀態 29

    Callfunction              進入狀態 31
    MultiplicativeExpression  進入狀態 99
    CastExpression            進入狀態 39
    UnaryExpression           進入狀態 40
    PrimaryExpression         進入狀態 41


狀態 70

  123 MultiplicativeExpression: MultiplicativeExpression MUL • CastExpression

    BNT        偏移，並進入狀態 21
    SUB        偏移，並進入狀態 22
    NOT        偏移，並進入狀態 23
    IDENT      偏移，並進入狀態 24
    STR_LIT    偏移，並進入狀態 25
    INT_LIT    偏移，並進入狀態 26
    FLOAT_LIT  偏移，並進入狀態 27
    BOOL_LIT   偏移，並進入狀態 28
    '('        偏移，並進入狀態 29

    Callfunction       進入狀態 31
    CastExpression     進入狀態 100
    UnaryExpression    進入狀態 40
    PrimaryExpression  進入狀態 41


狀態 71

  124 MultiplicativeExpression: MultiplicativeExpression DIV • CastExpression

    BNT        偏移，並進入狀態 21
    SUB        偏移，並進入狀態 22
    NOT        偏移，並進入狀態 23
    IDENT      偏移，並進入狀態 24
    STR_LIT    偏移，並進入狀態 25
    INT_LIT    偏移，並進入狀態 26
    FLOAT_LIT  偏移，並進入狀態 27
    BOOL_LIT   偏移，並進入狀態 28
    '('        偏移，並進入狀態 29

    Callfunction       進入狀態 31
    CastExpression     進入狀態 101
    UnaryExpression    進入狀態 40
    PrimaryExpression  進入狀態 41


狀態 72

  125 MultiplicativeExpression: MultiplicativeExpression REM • CastExpression

    BNT        偏移，並進入狀態 21
    SUB        偏移，並進入狀態 22
    NOT        偏移，並進入狀態 23
    IDENT      偏移，並進入狀態 24
    STR_LIT    偏移，並進入狀態 25
    INT_LIT    偏移，並進入狀態 26
    FLOAT_LIT  偏移，並進入狀態 27
    BOOL_LIT   偏移，並進入狀態 28
    '('        偏移，並進入狀態 29

    Callfunction       進入狀態 31
    CastExpression     進入狀態 102
    UnaryExpression    進入狀態 40
    PrimaryExpression  進入狀態 41


狀態 73

   14 IdentList: IDENT '[' INT_LIT ']' •
   16          | IDENT '[' INT_LIT ']' • '[' INT_LIT ']'
   19          | IDENT '[' INT_LIT ']' • $@3 VAL_ASSIGN '{' InitializerList '}'

    '['  偏移，並進入狀態 103

    VAL_ASSIGN  使用規則 18 以縮減 ($@3)
    $default    使用規則 14 以縮減 (IdentList)

    $@3  進入狀態 104


狀態 74

   13 IdentList: IdentList ',' IDENT VAL_ASSIGN • Expression

    BNT        偏移，並進入狀態 21
    SUB        偏移，並進入狀態 22
    NOT        偏移，並進入狀態 23
    IDENT      偏移，並進入狀態 24
    STR_LIT    偏移，並進入狀態 25
    INT_LIT    偏移，並進入狀態 26
    FLOAT_LIT  偏移，並進入狀態 27
    BOOL_LIT   偏移，並進入狀態 28
    '('        偏移，並進入狀態 29

    Expression                進入狀態 105
    Callfunction              進入狀態 31
    LORExpression             進入狀態 32
    LANExpression             進入狀態 33
    BitwiseExpression         進入狀態 34
    RelationalExpression      進入狀態 35
    ShiftExpression           進入狀態 36
    AdditiveExpression        進入狀態 37
    MultiplicativeExpression  進入狀態 38
    CastExpression            進入狀態 39
    UnaryExpression           進入狀態 40
    PrimaryExpression         進入狀態 41


狀態 75

   15 IdentList: IdentList ',' IDENT '[' • INT_LIT ']'
   17          | IdentList ',' IDENT '[' • INT_LIT ']' '[' INT_LIT ']'
   20          | IdentList ',' IDENT '[' • INT_LIT ']' VAL_ASSIGN '{' InitializerList '}'

    INT_LIT  偏移，並進入狀態 106


狀態 76

   31 FunctionParameterStmt: VARIABLE_T IDENT • '[' ']'
   32                      | VARIABLE_T IDENT •

    '['  偏移，並進入狀態 107

    $default  使用規則 32 以縮減 (FunctionParameterStmt)


狀態 77

   28 FunctionParameterStmtList: FunctionParameterStmtList ',' • FunctionParameterStmt

    VARIABLE_T  偏移，並進入狀態 44

    FunctionParameterStmt  進入狀態 108


狀態 78

   27 FunctionDefStmt: VARIABLE_T IDENT '(' $@4 $@5 FunctionParameterStmtList $@6 • ')' '{' StmtList '}'

    ')'  偏移，並進入狀態 109


狀態 79

  101 FuncparameterList: Expression •

    $default  使用規則 101 以縮減 (FuncparameterList)


狀態 80

   97 Callfunction: IDENT '(' Funcparameter • ')'

    ')'  偏移，並進入狀態 110


狀態 81

   98 Funcparameter: FuncparameterList •
  100 FuncparameterList: FuncparameterList • ',' Expression

    ','  偏移，並進入狀態 111

    $default  使用規則 98 以縮減 (Funcparameter)


狀態 82

  139 PrimaryExpression: IDENT '[' Expression • ']'
  140                  | IDENT '[' Expression • ']' '[' Expression ']'

    ']'  偏移，並進入狀態 112


狀態 83

  127 CastExpression: '(' VARIABLE_T ')' • CastExpression

    BNT        偏移，並進入狀態 21
    SUB        偏移，並進入狀態 22
    NOT        偏移，並進入狀態 23
    IDENT      偏移，並進入狀態 24
    STR_LIT    偏移，並進入狀態 25
    INT_LIT    偏移，並進入狀態 26
    FLOAT_LIT  偏移，並進入狀態 27
    BOOL_LIT   偏移，並進入狀態 28
    '('        偏移，並進入狀態 29

    Callfunction       進入狀態 31
    CastExpression     進入狀態 113
    UnaryExpression    進入狀態 40
    PrimaryExpression  進入狀態 41


狀態 84

  138 PrimaryExpression: '(' Expression ')' •

    $default  使用規則 138 以縮減 (PrimaryExpression)


狀態 85

  102 LORExpression: LORExpression LOR LANExpression •
  104 LANExpression: LANExpression • LAN BitwiseExpression

    LAN  偏移，並進入狀態 56

    $default  使用規則 102 以縮減 (LORExpression)


狀態 86

  104 LANExpression: LANExpression LAN BitwiseExpression •
  106 BitwiseExpression: BitwiseExpression • BOR RelationalExpression
  107                  | BitwiseExpression • BXO RelationalExpression
  108                  | BitwiseExpression • BAN RelationalExpression
  109                  | BitwiseExpression • BNT RelationalExpression

    BAN  偏移，並進入狀態 57
    BOR  偏移，並進入狀態 58
    BNT  偏移，並進入狀態 59
    BXO  偏移，並進入狀態 60

    $default  使用規則 104 以縮減 (LANExpression)


狀態 87

  108 BitwiseExpression: BitwiseExpression BAN RelationalExpression •
  111 RelationalExpression: RelationalExpression • EQL ShiftExpression
  112                     | RelationalExpression • NEQ ShiftExpression
  113                     | RelationalExpression • LES ShiftExpression
  114                     | RelationalExpression • LEQ ShiftExpression
  115                     | RelationalExpression • GTR ShiftExpression
  116                     | RelationalExpression • GEQ ShiftExpression

    GTR  偏移，並進入狀態 61
    LES  偏移，並進入狀態 62
    GEQ  偏移，並進入狀態 63
    LEQ  偏移，並進入狀態 64
    EQL  偏移，並進入狀態 65
    NEQ  偏移，並進入狀態 66

    $default  使用規則 108 以縮減 (BitwiseExpression)


狀態 88

  106 BitwiseExpression: BitwiseExpression BOR RelationalExpression •
  111 RelationalExpression: RelationalExpression • EQL ShiftExpression
  112                     | RelationalExpression • NEQ ShiftExpression
  113                     | RelationalExpression • LES ShiftExpression
  114                     | RelationalExpression • LEQ ShiftExpression
  115                     | RelationalExpression • GTR ShiftExpression
  116                     | RelationalExpression • GEQ ShiftExpression

    GTR  偏移，並進入狀態 61
    LES  偏移，並進入狀態 62
    GEQ  偏移，並進入狀態 63
    LEQ  偏移，並進入狀態 64
    EQL  偏移，並進入狀態 65
    NEQ  偏移，並進入狀態 66

    $default  使用規則 106 以縮減 (BitwiseExpression)


狀態 89

  109 BitwiseExpression: BitwiseExpression BNT RelationalExpression •
  111 RelationalExpression: RelationalExpression • EQL ShiftExpression
  112                     | RelationalExpression • NEQ ShiftExpression
  113                     | RelationalExpression • LES ShiftExpression
  114                     | RelationalExpression • LEQ ShiftExpression
  115                     | RelationalExpression • GTR ShiftExpression
  116                     | RelationalExpression • GEQ ShiftExpression

    GTR  偏移，並進入狀態 61
    LES  偏移，並進入狀態 62
    GEQ  偏移，並進入狀態 63
    LEQ  偏移，並進入狀態 64
    EQL  偏移，並進入狀態 65
    NEQ  偏移，並進入狀態 66

    $default  使用規則 109 以縮減 (BitwiseExpression)


狀態 90

  107 BitwiseExpression: BitwiseExpression BXO RelationalExpression •
  111 RelationalExpression: RelationalExpression • EQL ShiftExpression
  112                     | RelationalExpression • NEQ ShiftExpression
  113                     | RelationalExpression • LES ShiftExpression
  114                     | RelationalExpression • LEQ ShiftExpression
  115                     | RelationalExpression • GTR ShiftExpression
  116                     | RelationalExpression • GEQ ShiftExpression

    GTR  偏移，並進入狀態 61
    LES  偏移，並進入狀態 62
    GEQ  偏移，並進入狀態 63
    LEQ  偏移，並進入狀態 64
    EQL  偏移，並進入狀態 65
    NEQ  偏移，並進入狀態 66

    $default  使用規則 107 以縮減 (BitwiseExpression)


狀態 91

  115 RelationalExpression: RelationalExpression GTR ShiftExpression •
  118 ShiftExpression: ShiftExpression • SHR AdditiveExpression

    SHR  偏移，並進入狀態 67

    $default  使用規則 115 以縮減 (RelationalExpression)


狀態 92

  113 RelationalExpression: RelationalExpression LES ShiftExpression •
  118 ShiftExpression: ShiftExpression • SHR AdditiveExpression

    SHR  偏移，並進入狀態 67

    $default  使用規則 113 以縮減 (RelationalExpression)


狀態 93

  116 RelationalExpression: RelationalExpression GEQ ShiftExpression •
  118 ShiftExpression: ShiftExpression • SHR AdditiveExpression

    SHR  偏移，並進入狀態 67

    $default  使用規則 116 以縮減 (RelationalExpression)


狀態 94

  114 RelationalExpression: RelationalExpression LEQ ShiftExpression •
  118 ShiftExpression: ShiftExpression • SHR AdditiveExpression

    SHR  偏移，並進入狀態 67

    $default  使用規則 114 以縮減 (RelationalExpression)


狀態 95

  111 RelationalExpression: RelationalExpression EQL ShiftExpression •
  118 ShiftExpression: ShiftExpression • SHR AdditiveExpression

    SHR  偏移，並進入狀態 67

    $default  使用規則 111 以縮減 (RelationalExpression)


狀態 96

  112 RelationalExpression: RelationalExpression NEQ ShiftExpression •
  118 ShiftExpression: ShiftExpression • SHR AdditiveExpression

    SHR  偏移，並進入狀態 67

    $default  使用規則 112 以縮減 (RelationalExpression)


狀態 97

  118 ShiftExpression: ShiftExpression SHR AdditiveExpression •
  120 AdditiveExpression: AdditiveExpression • ADD MultiplicativeExpression
  121                   | AdditiveExpression • SUB MultiplicativeExpression

    ADD  偏移，並進入狀態 68
    SUB  偏移，並進入狀態 69

    $default  使用規則 118 以縮減 (ShiftExpression)


狀態 98

  120 AdditiveExpression: AdditiveExpression ADD MultiplicativeExpression •
  123 MultiplicativeExpression: MultiplicativeExpression • MUL CastExpression
  124                         | MultiplicativeExpression • DIV CastExpression
  125                         | MultiplicativeExpression • REM CastExpression

    MUL  偏移，並進入狀態 70
    DIV  偏移，並進入狀態 71
    REM  偏移，並進入狀態 72

    $default  使用規則 120 以縮減 (AdditiveExpression)


狀態 99

  121 AdditiveExpression: AdditiveExpression SUB MultiplicativeExpression •
  123 MultiplicativeExpression: MultiplicativeExpression • MUL CastExpression
  124                         | MultiplicativeExpression • DIV CastExpression
  125                         | MultiplicativeExpression • REM CastExpression

    MUL  偏移，並進入狀態 70
    DIV  偏移，並進入狀態 71
    REM  偏移，並進入狀態 72

    $default  使用規則 121 以縮減 (AdditiveExpression)


狀態 100

  123 MultiplicativeExpression: MultiplicativeExpression MUL CastExpression •

    $default  使用規則 123 以縮減 (MultiplicativeExpression)


狀態 101

  124 MultiplicativeExpression: MultiplicativeExpression DIV CastExpression •

    $default  使用規則 124 以縮減 (MultiplicativeExpression)


狀態 102

  125 MultiplicativeExpression: MultiplicativeExpression REM CastExpression •

    $default  使用規則 125 以縮減 (MultiplicativeExpression)


狀態 103

   16 IdentList: IDENT '[' INT_LIT ']' '[' • INT_LIT ']'

    INT_LIT  偏移，並進入狀態 114


狀態 104

   19 IdentList: IDENT '[' INT_LIT ']' $@3 • VAL_ASSIGN '{' InitializerList '}'

    VAL_ASSIGN  偏移，並進入狀態 115


狀態 105

   13 IdentList: IdentList ',' IDENT VAL_ASSIGN Expression •

    $default  使用規則 13 以縮減 (IdentList)


狀態 106

   15 IdentList: IdentList ',' IDENT '[' INT_LIT • ']'
   17          | IdentList ',' IDENT '[' INT_LIT • ']' '[' INT_LIT ']'
   20          | IdentList ',' IDENT '[' INT_LIT • ']' VAL_ASSIGN '{' InitializerList '}'

    ']'  偏移，並進入狀態 116


狀態 107

   31 FunctionParameterStmt: VARIABLE_T IDENT '[' • ']'

    ']'  偏移，並進入狀態 117


狀態 108

   28 FunctionParameterStmtList: FunctionParameterStmtList ',' FunctionParameterStmt •

    $default  使用規則 28 以縮減 (FunctionParameterStmtList)


狀態 109

   27 FunctionDefStmt: VARIABLE_T IDENT '(' $@4 $@5 FunctionParameterStmtList $@6 ')' • '{' StmtList '}'

    '{'  偏移，並進入狀態 118


狀態 110

   97 Callfunction: IDENT '(' Funcparameter ')' •

    $default  使用規則 97 以縮減 (Callfunction)


狀態 111

  100 FuncparameterList: FuncparameterList ',' • Expression

    BNT        偏移，並進入狀態 21
    SUB        偏移，並進入狀態 22
    NOT        偏移，並進入狀態 23
    IDENT      偏移，並進入狀態 24
    STR_LIT    偏移，並進入狀態 25
    INT_LIT    偏移，並進入狀態 26
    FLOAT_LIT  偏移，並進入狀態 27
    BOOL_LIT   偏移，並進入狀態 28
    '('        偏移，並進入狀態 29

    Expression                進入狀態 119
    Callfunction              進入狀態 31
    LORExpression             進入狀態 32
    LANExpression             進入狀態 33
    BitwiseExpression         進入狀態 34
    RelationalExpression      進入狀態 35
    ShiftExpression           進入狀態 36
    AdditiveExpression        進入狀態 37
    MultiplicativeExpression  進入狀態 38
    CastExpression            進入狀態 39
    UnaryExpression           進入狀態 40
    PrimaryExpression         進入狀態 41


狀態 112

  139 PrimaryExpression: IDENT '[' Expression ']' •
  140                  | IDENT '[' Expression ']' • '[' Expression ']'

    '['  偏移，並進入狀態 120

    $default  使用規則 139 以縮減 (PrimaryExpression)


狀態 113

  127 CastExpression: '(' VARIABLE_T ')' CastExpression •

    $default  使用規則 127 以縮減 (CastExpression)


狀態 114

   16 IdentList: IDENT '[' INT_LIT ']' '[' INT_LIT • ']'

    ']'  偏移，並進入狀態 121


狀態 115

   19 IdentList: IDENT '[' INT_LIT ']' $@3 VAL_ASSIGN • '{' InitializerList '}'

    '{'  偏移，並進入狀態 122


狀態 116

   15 IdentList: IdentList ',' IDENT '[' INT_LIT ']' •
   17          | IdentList ',' IDENT '[' INT_LIT ']' • '[' INT_LIT ']'
   20          | IdentList ',' IDENT '[' INT_LIT ']' • VAL_ASSIGN '{' InitializerList '}'

    VAL_ASSIGN  偏移，並進入狀態 123
    '['         偏移，並進入狀態 124

    $default  使用規則 15 以縮減 (IdentList)


狀態 117

   31 FunctionParameterStmt: VARIABLE_T IDENT '[' ']' •

    $default  使用規則 31 以縮減 (FunctionParameterStmt)


狀態 118

   27 FunctionDefStmt: VARIABLE_T IDENT '(' $@4 $@5 FunctionParameterStmtList $@6 ')' '{' • StmtList '}'

    COUT        偏移，並進入狀態 125
    IF          偏移，並進入狀態 126
    FOR         偏移，並進入狀態 127
    WHILE       偏移，並進入狀態 128
    RETURN      偏移，並進入狀態 129
    BREAK       偏移，並進入狀態 130
    CONTINUE    偏移，並進入狀態 131
    VARIABLE_T  偏移，並進入狀態 132
    IDENT       偏移，並進入狀態 133
    ';'         偏移，並進入狀態 134

    DefineVariableStmt   進入狀態 135
    StmtList             進入狀態 136
    Stmt                 進入狀態 137
    IFStmt               進入狀態 138
    ArrayAssignmentStmt  進入狀態 139
    Callfunction         進入狀態 140


狀態 119

  100 FuncparameterList: FuncparameterList ',' Expression •

    $default  使用規則 100 以縮減 (FuncparameterList)


狀態 120

  140 PrimaryExpression: IDENT '[' Expression ']' '[' • Expression ']'

    BNT        偏移，並進入狀態 21
    SUB        偏移，並進入狀態 22
    NOT        偏移，並進入狀態 23
    IDENT      偏移，並進入狀態 24
    STR_LIT    偏移，並進入狀態 25
    INT_LIT    偏移，並進入狀態 26
    FLOAT_LIT  偏移，並進入狀態 27
    BOOL_LIT   偏移，並進入狀態 28
    '('        偏移，並進入狀態 29

    Expression                進入狀態 141
    Callfunction              進入狀態 31
    LORExpression             進入狀態 32
    LANExpression             進入狀態 33
    BitwiseExpression         進入狀態 34
    RelationalExpression      進入狀態 35
    ShiftExpression           進入狀態 36
    AdditiveExpression        進入狀態 37
    MultiplicativeExpression  進入狀態 38
    CastExpression            進入狀態 39
    UnaryExpression           進入狀態 40
    PrimaryExpression         進入狀態 41


狀態 121

   16 IdentList: IDENT '[' INT_LIT ']' '[' INT_LIT ']' •

    $default  使用規則 16 以縮減 (IdentList)


狀態 122

   19 IdentList: IDENT '[' INT_LIT ']' $@3 VAL_ASSIGN '{' • InitializerList '}'

    BNT        偏移，並進入狀態 21
    SUB        偏移，並進入狀態 22
    NOT        偏移，並進入狀態 23
    IDENT      偏移，並進入狀態 24
    STR_LIT    偏移，並進入狀態 25
    INT_LIT    偏移，並進入狀態 26
    FLOAT_LIT  偏移，並進入狀態 27
    BOOL_LIT   偏移，並進入狀態 28
    '('        偏移，並進入狀態 29

    $default  使用規則 23 以縮減 (InitializerList)

    InitializerList           進入狀態 142
    Expression                進入狀態 143
    Callfunction              進入狀態 31
    LORExpression             進入狀態 32
    LANExpression             進入狀態 33
    BitwiseExpression         進入狀態 34
    RelationalExpression      進入狀態 35
    ShiftExpression           進入狀態 36
    AdditiveExpression        進入狀態 37
    MultiplicativeExpression  進入狀態 38
    CastExpression            進入狀態 39
    UnaryExpression           進入狀態 40
    PrimaryExpression         進入狀態 41


狀態 123

   20 IdentList: IdentList ',' IDENT '[' INT_LIT ']' VAL_ASSIGN • '{' InitializerList '}'

    '{'  偏移，並進入狀態 144


狀態 124

   17 IdentList: IdentList ',' IDENT '[' INT_LIT ']' '[' • INT_LIT ']'

    INT_LIT  偏移，並進入狀態 145


狀態 125

   36 Stmt: COUT • CoutParmListStmt ';'

    SHL  偏移，並進入狀態 146

    CoutParmListStmt  進入狀態 147


狀態 126

   69 IFStmt: IF • '(' Expression ')' $@13 '{' StmtList '}' $@14 ElseStmt
   71       | IF • '(' Expression ')' $@15 StmtList ElseStmt

    '('  偏移，並進入狀態 148


狀態 127

   44 Stmt: FOR • $@8 '(' $@9 For ')' '{' StmtList '}'

    $default  使用規則 42 以縮減 ($@8)

    $@8  進入狀態 149


狀態 128

   47 Stmt: WHILE • $@10 '(' Expression ')' $@11 '{' StmtList '}'

    $default  使用規則 45 以縮減 ($@10)

    $@10  進入狀態 150


狀態 129

   37 Stmt: RETURN • Expression ';'
   38     | RETURN • ';'

    BNT        偏移，並進入狀態 21
    SUB        偏移，並進入狀態 22
    NOT        偏移，並進入狀態 23
    IDENT      偏移，並進入狀態 24
    STR_LIT    偏移，並進入狀態 25
    INT_LIT    偏移，並進入狀態 26
    FLOAT_LIT  偏移，並進入狀態 27
    BOOL_LIT   偏移，並進入狀態 28
    '('        偏移，並進入狀態 29
    ';'        偏移，並進入狀態 151

    Expression                進入狀態 152
    Callfunction              進入狀態 31
    LORExpression             進入狀態 32
    LANExpression             進入狀態 33
    BitwiseExpression         進入狀態 34
    RelationalExpression      進入狀態 35
    ShiftExpression           進入狀態 36
    AdditiveExpression        進入狀態 37
    MultiplicativeExpression  進入狀態 38
    CastExpression            進入狀態 39
    UnaryExpression           進入狀態 40
    PrimaryExpression         進入狀態 41


狀態 130

   48 Stmt: BREAK • ';'

    ';'  偏移，並進入狀態 153


狀態 131

   49 Stmt: CONTINUE • ';'

    ';'  偏移，並進入狀態 154


狀態 132

    9 DefineVariableStmt: VARIABLE_T • $@2 IdentList ';'

    $default  使用規則 8 以縮減 ($@2)

    $@2  進入狀態 10


狀態 133

   40 Stmt: IDENT • $@7 IdentAssign ';'
   91 ArrayAssignmentStmt: IDENT • '[' Expression ']' $@18 VAL_ASSIGN Expression
   93                    | IDENT • '[' Expression ']' '[' Expression ']' $@19 VAL_ASSIGN Expression
   97 Callfunction: IDENT • '(' Funcparameter ')'

    '('  偏移，並進入狀態 51
    '['  偏移，並進入狀態 155

    $default  使用規則 39 以縮減 ($@7)

    $@7  進入狀態 156


狀態 134

   35 Stmt: ';' •

    $default  使用規則 35 以縮減 (Stmt)


狀態 135

   51 Stmt: DefineVariableStmt •

    $default  使用規則 51 以縮減 (Stmt)


狀態 136

   27 FunctionDefStmt: VARIABLE_T IDENT '(' $@4 $@5 FunctionParameterStmtList $@6 ')' '{' StmtList • '}'
   33 StmtList: StmtList • Stmt

    COUT        偏移，並進入狀態 125
    IF          偏移，並進入狀態 126
    FOR         偏移，並進入狀態 127
    WHILE       偏移，並進入狀態 128
    RETURN      偏移，並進入狀態 129
    BREAK       偏移，並進入狀態 130
    CONTINUE    偏移，並進入狀態 131
    VARIABLE_T  偏移，並進入狀態 132
    IDENT       偏移，並進入狀態 133
    ';'         偏移，並進入狀態 134
    '}'         偏移，並進入狀態 157

    DefineVariableStmt   進入狀態 135
    Stmt                 進入狀態 158
    IFStmt               進入狀態 138
    ArrayAssignmentStmt  進入狀態 139
    Callfunction         進入狀態 140


狀態 137

   34 StmtList: Stmt •

    $default  使用規則 34 以縮減 (StmtList)


狀態 138

   41 Stmt: IFStmt •

    $default  使用規則 41 以縮減 (Stmt)


狀態 139

   50 Stmt: ArrayAssignmentStmt • ';'

    ';'  偏移，並進入狀態 159


狀態 140

   52 Stmt: Callfunction • ';'

    ';'  偏移，並進入狀態 160


狀態 141

  140 PrimaryExpression: IDENT '[' Expression ']' '[' Expression • ']'

    ']'  偏移，並進入狀態 161


狀態 142

   19 IdentList: IDENT '[' INT_LIT ']' $@3 VAL_ASSIGN '{' InitializerList • '}'
   21 InitializerList: InitializerList • ',' Expression

    ','  偏移，並進入狀態 162
    '}'  偏移，並進入狀態 163


狀態 143

   22 InitializerList: Expression •

    $default  使用規則 22 以縮減 (InitializerList)


狀態 144

   20 IdentList: IdentList ',' IDENT '[' INT_LIT ']' VAL_ASSIGN '{' • InitializerList '}'

    BNT        偏移，並進入狀態 21
    SUB        偏移，並進入狀態 22
    NOT        偏移，並進入狀態 23
    IDENT      偏移，並進入狀態 24
    STR_LIT    偏移，並進入狀態 25
    INT_LIT    偏移，並進入狀態 26
    FLOAT_LIT  偏移，並進入狀態 27
    BOOL_LIT   偏移，並進入狀態 28
    '('        偏移，並進入狀態 29

    $default  使用規則 23 以縮減 (InitializerList)

    InitializerList           進入狀態 164
    Expression                進入狀態 143
    Callfunction              進入狀態 31
    LORExpression             進入狀態 32
    LANExpression             進入狀態 33
    BitwiseExpression         進入狀態 34
    RelationalExpression      進入狀態 35
    ShiftExpression           進入狀態 36
    AdditiveExpression        進入狀態 37
    MultiplicativeExpression  進入狀態 38
    CastExpression            進入狀態 39
    UnaryExpression           進入狀態 40
    PrimaryExpression         進入狀態 41


狀態 145

   17 IdentList: IdentList ',' IDENT '[' INT_LIT ']' '[' INT_LIT • ']'

    ']'  偏移，並進入狀態 165


狀態 146

   95 CoutParmListStmt: SHL • Expression

    BNT        偏移，並進入狀態 21
    SUB        偏移，並進入狀態 22
    NOT        偏移，並進入狀態 23
    IDENT      偏移，並進入狀態 24
    STR_LIT    偏移，並進入狀態 25
    INT_LIT    偏移，並進入狀態 26
    FLOAT_LIT  偏移，並進入狀態 27
    BOOL_LIT   偏移，並進入狀態 28
    '('        偏移，並進入狀態 29

    Expression                進入狀態 166
    Callfunction              進入狀態 31
    LORExpression             進入狀態 32
    LANExpression             進入狀態 33
    BitwiseExpression         進入狀態 34
    RelationalExpression      進入狀態 35
    ShiftExpression           進入狀態 36
    AdditiveExpression        進入狀態 37
    MultiplicativeExpression  進入狀態 38
    CastExpression            進入狀態 39
    UnaryExpression           進入狀態 40
    PrimaryExpression         進入狀態 41


狀態 147

   36 Stmt: COUT CoutParmListStmt • ';'
   94 CoutParmListStmt: CoutParmListStmt • SHL Expression

    SHL  偏移，並進入狀態 167
    ';'  偏移，並進入狀態 168


狀態 148

   69 IFStmt: IF '(' • Expression ')' $@13 '{' StmtList '}' $@14 ElseStmt
   71       | IF '(' • Expression ')' $@15 StmtList ElseStmt

    BNT        偏移，並進入狀態 21
    SUB        偏移，並進入狀態 22
    NOT        偏移，並進入狀態 23
    IDENT      偏移，並進入狀態 24
    STR_LIT    偏移，並進入狀態 25
    INT_LIT    偏移，並進入狀態 26
    FLOAT_LIT  偏移，並進入狀態 27
    BOOL_LIT   偏移，並進入狀態 28
    '('        偏移，並進入狀態 29

    Expression                進入狀態 169
    Callfunction              進入狀態 31
    LORExpression             進入狀態 32
    LANExpression             進入狀態 33
    BitwiseExpression         進入狀態 34
    RelationalExpression      進入狀態 35
    ShiftExpression           進入狀態 36
    AdditiveExpression        進入狀態 37
    MultiplicativeExpression  進入狀態 38
    CastExpression            進入狀態 39
    UnaryExpression           進入狀態 40
    PrimaryExpression         進入狀態 41


狀態 149

   44 Stmt: FOR $@8 • '(' $@9 For ')' '{' StmtList '}'

    '('  偏移，並進入狀態 170


狀態 150

   47 Stmt: WHILE $@10 • '(' Expression ')' $@11 '{' StmtList '}'

    '('  偏移，並進入狀態 171


狀態 151

   38 Stmt: RETURN ';' •

    $default  使用規則 38 以縮減 (Stmt)


狀態 152

   37 Stmt: RETURN Expression • ';'

    ';'  偏移，並進入狀態 172


狀態 153

   48 Stmt: BREAK ';' •

    $default  使用規則 48 以縮減 (Stmt)


狀態 154

   49 Stmt: CONTINUE ';' •

    $default  使用規則 49 以縮減 (Stmt)


狀態 155

   91 ArrayAssignmentStmt: IDENT '[' • Expression ']' $@18 VAL_ASSIGN Expression
   93                    | IDENT '[' • Expression ']' '[' Expression ']' $@19 VAL_ASSIGN Expression

    BNT        偏移，並進入狀態 21
    SUB        偏移，並進入狀態 22
    NOT        偏移，並進入狀態 23
    IDENT      偏移，並進入狀態 24
    STR_LIT    偏移，並進入狀態 25
    INT_LIT    偏移，並進入狀態 26
    FLOAT_LIT  偏移，並進入狀態 27
    BOOL_LIT   偏移，並進入狀態 28
    '('        偏移，並進入狀態 29

    Expression                進入狀態 173
    Callfunction              進入狀態 31
    LORExpression             進入狀態 32
    LANExpression             進入狀態 33
    BitwiseExpression         進入狀態 34
    RelationalExpression      進入狀態 35
    ShiftExpression           進入狀態 36
    AdditiveExpression        進入狀態 37
    MultiplicativeExpression  進入狀態 38
    CastExpression            進入狀態 39
    UnaryExpression           進入狀態 40
    PrimaryExpression         進入狀態 41


狀態 156

   40 Stmt: IDENT $@7 • IdentAssign ';'

    VAL_ASSIGN  偏移，並進入狀態 174
    ADD_ASSIGN  偏移，並進入狀態 175
    SUB_ASSIGN  偏移，並進入狀態 176
    MUL_ASSIGN  偏移，並進入狀態 177
    DIV_ASSIGN  偏移，並進入狀態 178
    REM_ASSIGN  偏移，並進入狀態 179
    BAN_ASSIGN  偏移，並進入狀態 180
    BOR_ASSIGN  偏移，並進入狀態 181
    BXO_ASSIGN  偏移，並進入狀態 182
    SHR_ASSIGN  偏移，並進入狀態 183
    SHL_ASSIGN  偏移，並進入狀態 184
    INC_ASSIGN  偏移，並進入狀態 185
    DEC_ASSIGN  偏移，並進入狀態 186

    IdentAssign  進入狀態 187


狀態 157

   27 FunctionDefStmt: VARIABLE_T IDENT '(' $@4 $@5 FunctionParameterStmtList $@6 ')' '{' StmtList '}' •

    $default  使用規則 27 以縮減 (FunctionDefStmt)


狀態 158

   33 StmtList: StmtList Stmt •

    $default  使用規則 33 以縮減 (StmtList)


狀態 159

   50 Stmt: ArrayAssignmentStmt ';' •

    $default  使用規則 50 以縮減 (Stmt)


狀態 160

   52 Stmt: Callfunction ';' •

    $default  使用規則 52 以縮減 (Stmt)


狀態 161

  140 PrimaryExpression: IDENT '[' Expression ']' '[' Expression ']' •

    $default  使用規則 140 以縮減 (PrimaryExpression)


狀態 162

   21 InitializerList: InitializerList ',' • Expression

    BNT        偏移，並進入狀態 21
    SUB        偏移，並進入狀態 22
    NOT        偏移，並進入狀態 23
    IDENT      偏移，並進入狀態 24
    STR_LIT    偏移，並進入狀態 25
    INT_LIT    偏移，並進入狀態 26
    FLOAT_LIT  偏移，並進入狀態 27
    BOOL_LIT   偏移，並進入狀態 28
    '('        偏移，並進入狀態 29

    Expression                進入狀態 188
    Callfunction              進入狀態 31
    LORExpression             進入狀態 32
    LANExpression             進入狀態 33
    BitwiseExpression         進入狀態 34
    RelationalExpression      進入狀態 35
    ShiftExpression           進入狀態 36
    AdditiveExpression        進入狀態 37
    MultiplicativeExpression  進入狀態 38
    CastExpression            進入狀態 39
    UnaryExpression           進入狀態 40
    PrimaryExpression         進入狀態 41


狀態 163

   19 IdentList: IDENT '[' INT_LIT ']' $@3 VAL_ASSIGN '{' InitializerList '}' •

    $default  使用規則 19 以縮減 (IdentList)


狀態 164

   20 IdentList: IdentList ',' IDENT '[' INT_LIT ']' VAL_ASSIGN '{' InitializerList • '}'
   21 InitializerList: InitializerList • ',' Expression

    ','  偏移，並進入狀態 162
    '}'  偏移，並進入狀態 189


狀態 165

   17 IdentList: IdentList ',' IDENT '[' INT_LIT ']' '[' INT_LIT ']' •

    $default  使用規則 17 以縮減 (IdentList)


狀態 166

   95 CoutParmListStmt: SHL Expression •

    $default  使用規則 95 以縮減 (CoutParmListStmt)


狀態 167

   94 CoutParmListStmt: CoutParmListStmt SHL • Expression

    BNT        偏移，並進入狀態 21
    SUB        偏移，並進入狀態 22
    NOT        偏移，並進入狀態 23
    IDENT      偏移，並進入狀態 24
    STR_LIT    偏移，並進入狀態 25
    INT_LIT    偏移，並進入狀態 26
    FLOAT_LIT  偏移，並進入狀態 27
    BOOL_LIT   偏移，並進入狀態 28
    '('        偏移，並進入狀態 29

    Expression                進入狀態 190
    Callfunction              進入狀態 31
    LORExpression             進入狀態 32
    LANExpression             進入狀態 33
    BitwiseExpression         進入狀態 34
    RelationalExpression      進入狀態 35
    ShiftExpression           進入狀態 36
    AdditiveExpression        進入狀態 37
    MultiplicativeExpression  進入狀態 38
    CastExpression            進入狀態 39
    UnaryExpression           進入狀態 40
    PrimaryExpression         進入狀態 41


狀態 168

   36 Stmt: COUT CoutParmListStmt ';' •

    $default  使用規則 36 以縮減 (Stmt)


狀態 169

   69 IFStmt: IF '(' Expression • ')' $@13 '{' StmtList '}' $@14 ElseStmt
   71       | IF '(' Expression • ')' $@15 StmtList ElseStmt

    ')'  偏移，並進入狀態 191


狀態 170

   44 Stmt: FOR $@8 '(' • $@9 For ')' '{' StmtList '}'

    $default  使用規則 43 以縮減 ($@9)

    $@9  進入狀態 192


狀態 171

   47 Stmt: WHILE $@10 '(' • Expression ')' $@11 '{' StmtList '}'

    BNT        偏移，並進入狀態 21
    SUB        偏移，並進入狀態 22
    NOT        偏移，並進入狀態 23
    IDENT      偏移，並進入狀態 24
    STR_LIT    偏移，並進入狀態 25
    INT_LIT    偏移，並進入狀態 26
    FLOAT_LIT  偏移，並進入狀態 27
    BOOL_LIT   偏移，並進入狀態 28
    '('        偏移，並進入狀態 29

    Expression                進入狀態 193
    Callfunction              進入狀態 31
    LORExpression             進入狀態 32
    LANExpression             進入狀態 33
    BitwiseExpression         進入狀態 34
    RelationalExpression      進入狀態 35
    ShiftExpression           進入狀態 36
    AdditiveExpression        進入狀態 37
    MultiplicativeExpression  進入狀態 38
    CastExpression            進入狀態 39
    UnaryExpression           進入狀態 40
    PrimaryExpression         進入狀態 41


狀態 172

   37 Stmt: RETURN Expression ';' •

    $default  使用規則 37 以縮減 (Stmt)


狀態 173

   91 ArrayAssignmentStmt: IDENT '[' Expression • ']' $@18 VAL_ASSIGN Expression
   93                    | IDENT '[' Expression • ']' '[' Expression ']' $@19 VAL_ASSIGN Expression

    ']'  偏移，並進入狀態 194


狀態 174

   77 IdentAssign: VAL_ASSIGN • Expression

    BNT        偏移，並進入狀態 21
    SUB        偏移，並進入狀態 22
    NOT        偏移，並進入狀態 23
    IDENT      偏移，並進入狀態 24
    STR_LIT    偏移，並進入狀態 25
    INT_LIT    偏移，並進入狀態 26
    FLOAT_LIT  偏移，並進入狀態 27
    BOOL_LIT   偏移，並進入狀態 28
    '('        偏移，並進入狀態 29

    Expression                進入狀態 195
    Callfunction              進入狀態 31
    LORExpression             進入狀態 32
    LANExpression             進入狀態 33
    BitwiseExpression         進入狀態 34
    RelationalExpression      進入狀態 35
    ShiftExpression           進入狀態 36
    AdditiveExpression        進入狀態 37
    MultiplicativeExpression  進入狀態 38
    CastExpression            進入狀態 39
    UnaryExpression           進入狀態 40
    PrimaryExpression         進入狀態 41


狀態 175

   78 IdentAssign: ADD_ASSIGN • Expression

    BNT        偏移，並進入狀態 21
    SUB        偏移，並進入狀態 22
    NOT        偏移，並進入狀態 23
    IDENT      偏移，並進入狀態 24
    STR_LIT    偏移，並進入狀態 25
    INT_LIT    偏移，並進入狀態 26
    FLOAT_LIT  偏移，並進入狀態 27
    BOOL_LIT   偏移，並進入狀態 28
    '('        偏移，並進入狀態 29

    Expression                進入狀態 196
    Callfunction              進入狀態 31
    LORExpression             進入狀態 32
    LANExpression             進入狀態 33
    BitwiseExpression         進入狀態 34
    RelationalExpression      進入狀態 35
    ShiftExpression           進入狀態 36
    AdditiveExpression        進入狀態 37
    MultiplicativeExpression  進入狀態 38
    CastExpression            進入狀態 39
    UnaryExpression           進入狀態 40
    PrimaryExpression         進入狀態 41


狀態 176

   79 IdentAssign: SUB_ASSIGN • Expression

    BNT        偏移，並進入狀態 21
    SUB        偏移，並進入狀態 22
    NOT        偏移，並進入狀態 23
    IDENT      偏移，並進入狀態 24
    STR_LIT    偏移，並進入狀態 25
    INT_LIT    偏移，並進入狀態 26
    FLOAT_LIT  偏移，並進入狀態 27
    BOOL_LIT   偏移，並進入狀態 28
    '('        偏移，並進入狀態 29

    Expression                進入狀態 197
    Callfunction              進入狀態 31
    LORExpression             進入狀態 32
    LANExpression             進入狀態 33
    BitwiseExpression         進入狀態 34
    RelationalExpression      進入狀態 35
    ShiftExpression           進入狀態 36
    AdditiveExpression        進入狀態 37
    MultiplicativeExpression  進入狀態 38
    CastExpression            進入狀態 39
    UnaryExpression           進入狀態 40
    PrimaryExpression         進入狀態 41


狀態 177

   80 IdentAssign: MUL_ASSIGN • Expression

    BNT        偏移，並進入狀態 21
    SUB        偏移，並進入狀態 22
    NOT        偏移，並進入狀態 23
    IDENT      偏移，並進入狀態 24
    STR_LIT    偏移，並進入狀態 25
    INT_LIT    偏移，並進入狀態 26
    FLOAT_LIT  偏移，並進入狀態 27
    BOOL_LIT   偏移，並進入狀態 28
    '('        偏移，並進入狀態 29

    Expression                進入狀態 198
    Callfunction              進入狀態 31
    LORExpression             進入狀態 32
    LANExpression             進入狀態 33
    BitwiseExpression         進入狀態 34
    RelationalExpression      進入狀態 35
    ShiftExpression           進入狀態 36
    AdditiveExpression        進入狀態 37
    MultiplicativeExpression  進入狀態 38
    CastExpression            進入狀態 39
    UnaryExpression           進入狀態 40
    PrimaryExpression         進入狀態 41


狀態 178

   81 IdentAssign: DIV_ASSIGN • Expression

    BNT        偏移，並進入狀態 21
    SUB        偏移，並進入狀態 22
    NOT        偏移，並進入狀態 23
    IDENT      偏移，並進入狀態 24
    STR_LIT    偏移，並進入狀態 25
    INT_LIT    偏移，並進入狀態 26
    FLOAT_LIT  偏移，並進入狀態 27
    BOOL_LIT   偏移，並進入狀態 28
    '('        偏移，並進入狀態 29

    Expression                進入狀態 199
    Callfunction              進入狀態 31
    LORExpression             進入狀態 32
    LANExpression             進入狀態 33
    BitwiseExpression         進入狀態 34
    RelationalExpression      進入狀態 35
    ShiftExpression           進入狀態 36
    AdditiveExpression        進入狀態 37
    MultiplicativeExpression  進入狀態 38
    CastExpression            進入狀態 39
    UnaryExpression           進入狀態 40
    PrimaryExpression         進入狀態 41


狀態 179

   87 IdentAssign: REM_ASSIGN • Expression

    BNT        偏移，並進入狀態 21
    SUB        偏移，並進入狀態 22
    NOT        偏移，並進入狀態 23
    IDENT      偏移，並進入狀態 24
    STR_LIT    偏移，並進入狀態 25
    INT_LIT    偏移，並進入狀態 26
    FLOAT_LIT  偏移，並進入狀態 27
    BOOL_LIT   偏移，並進入狀態 28
    '('        偏移，並進入狀態 29

    Expression                進入狀態 200
    Callfunction              進入狀態 31
    LORExpression             進入狀態 32
    LANExpression             進入狀態 33
    BitwiseExpression         進入狀態 34
    RelationalExpression      進入狀態 35
    ShiftExpression           進入狀態 36
    AdditiveExpression        進入狀態 37
    MultiplicativeExpression  進入狀態 38
    CastExpression            進入狀態 39
    UnaryExpression           進入狀態 40
    PrimaryExpression         進入狀態 41


狀態 180

   85 IdentAssign: BAN_ASSIGN • Expression

    BNT        偏移，並進入狀態 21
    SUB        偏移，並進入狀態 22
    NOT        偏移，並進入狀態 23
    IDENT      偏移，並進入狀態 24
    STR_LIT    偏移，並進入狀態 25
    INT_LIT    偏移，並進入狀態 26
    FLOAT_LIT  偏移，並進入狀態 27
    BOOL_LIT   偏移，並進入狀態 28
    '('        偏移，並進入狀態 29

    Expression                進入狀態 201
    Callfunction              進入狀態 31
    LORExpression             進入狀態 32
    LANExpression             進入狀態 33
    BitwiseExpression         進入狀態 34
    RelationalExpression      進入狀態 35
    ShiftExpression           進入狀態 36
    AdditiveExpression        進入狀態 37
    MultiplicativeExpression  進入狀態 38
    CastExpression            進入狀態 39
    UnaryExpression           進入狀態 40
    PrimaryExpression         進入狀態 41


狀態 181

   84 IdentAssign: BOR_ASSIGN • Expression

    BNT        偏移，並進入狀態 21
    SUB        偏移，並進入狀態 22
    NOT        偏移，並進入狀態 23
    IDENT      偏移，並進入狀態 24
    STR_LIT    偏移，並進入狀態 25
    INT_LIT    偏移，並進入狀態 26
    FLOAT_LIT  偏移，並進入狀態 27
    BOOL_LIT   偏移，並進入狀態 28
    '('        偏移，並進入狀態 29

    Expression                進入狀態 202
    Callfunction              進入狀態 31
    LORExpression             進入狀態 32
    LANExpression             進入狀態 33
    BitwiseExpression         進入狀態 34
    RelationalExpression      進入狀態 35
    ShiftExpression           進入狀態 36
    AdditiveExpression        進入狀態 37
    MultiplicativeExpression  進入狀態 38
    CastExpression            進入狀態 39
    UnaryExpression           進入狀態 40
    PrimaryExpression         進入狀態 41


狀態 182

   86 IdentAssign: BXO_ASSIGN • Expression

    BNT        偏移，並進入狀態 21
    SUB        偏移，並進入狀態 22
    NOT        偏移，並進入狀態 23
    IDENT      偏移，並進入狀態 24
    STR_LIT    偏移，並進入狀態 25
    INT_LIT    偏移，並進入狀態 26
    FLOAT_LIT  偏移，並進入狀態 27
    BOOL_LIT   偏移，並進入狀態 28
    '('        偏移，並進入狀態 29

    Expression                進入狀態 203
    Callfunction              進入狀態 31
    LORExpression             進入狀態 32
    LANExpression             進入狀態 33
    BitwiseExpression         進入狀態 34
    RelationalExpression      進入狀態 35
    ShiftExpression           進入狀態 36
    AdditiveExpression        進入狀態 37
    MultiplicativeExpression  進入狀態 38
    CastExpression            進入狀態 39
    UnaryExpression           進入狀態 40
    PrimaryExpression         進入狀態 41


狀態 183

   82 IdentAssign: SHR_ASSIGN • Expression

    BNT        偏移，並進入狀態 21
    SUB        偏移，並進入狀態 22
    NOT        偏移，並進入狀態 23
    IDENT      偏移，並進入狀態 24
    STR_LIT    偏移，並進入狀態 25
    INT_LIT    偏移，並進入狀態 26
    FLOAT_LIT  偏移，並進入狀態 27
    BOOL_LIT   偏移，並進入狀態 28
    '('        偏移，並進入狀態 29

    Expression                進入狀態 204
    Callfunction              進入狀態 31
    LORExpression             進入狀態 32
    LANExpression             進入狀態 33
    BitwiseExpression         進入狀態 34
    RelationalExpression      進入狀態 35
    ShiftExpression           進入狀態 36
    AdditiveExpression        進入狀態 37
    MultiplicativeExpression  進入狀態 38
    CastExpression            進入狀態 39
    UnaryExpression           進入狀態 40
    PrimaryExpression         進入狀態 41


狀態 184

   83 IdentAssign: SHL_ASSIGN • Expression

    BNT        偏移，並進入狀態 21
    SUB        偏移，並進入狀態 22
    NOT        偏移，並進入狀態 23
    IDENT      偏移，並進入狀態 24
    STR_LIT    偏移，並進入狀態 25
    INT_LIT    偏移，並進入狀態 26
    FLOAT_LIT  偏移，並進入狀態 27
    BOOL_LIT   偏移，並進入狀態 28
    '('        偏移，並進入狀態 29

    Expression                進入狀態 205
    Callfunction              進入狀態 31
    LORExpression             進入狀態 32
    LANExpression             進入狀態 33
    BitwiseExpression         進入狀態 34
    RelationalExpression      進入狀態 35
    ShiftExpression           進入狀態 36
    AdditiveExpression        進入狀態 37
    MultiplicativeExpression  進入狀態 38
    CastExpression            進入狀態 39
    UnaryExpression           進入狀態 40
    PrimaryExpression         進入狀態 41


狀態 185

   88 IdentAssign: INC_ASSIGN •

    $default  使用規則 88 以縮減 (IdentAssign)


狀態 186

   89 IdentAssign: DEC_ASSIGN •

    $default  使用規則 89 以縮減 (IdentAssign)


狀態 187

   40 Stmt: IDENT $@7 IdentAssign • ';'

    ';'  偏移，並進入狀態 206


狀態 188

   21 InitializerList: InitializerList ',' Expression •

    $default  使用規則 21 以縮減 (InitializerList)


狀態 189

   20 IdentList: IdentList ',' IDENT '[' INT_LIT ']' VAL_ASSIGN '{' InitializerList '}' •

    $default  使用規則 20 以縮減 (IdentList)


狀態 190

   94 CoutParmListStmt: CoutParmListStmt SHL Expression •

    $default  使用規則 94 以縮減 (CoutParmListStmt)


狀態 191

   69 IFStmt: IF '(' Expression ')' • $@13 '{' StmtList '}' $@14 ElseStmt
   71       | IF '(' Expression ')' • $@15 StmtList ElseStmt

    '{'       使用規則 67 以縮減 ($@13)
    $default  使用規則 70 以縮減 ($@15)

    $@13  進入狀態 207
    $@15  進入狀態 208


狀態 192

   44 Stmt: FOR $@8 '(' $@9 • For ')' '{' StmtList '}'

    VARIABLE_T  偏移，並進入狀態 209
    IDENT       偏移，並進入狀態 210

    $default  使用規則 57 以縮減 (F1)

    For       進入狀態 211
    F1        進入狀態 212
    F1_List2  進入狀態 213


狀態 193

   47 Stmt: WHILE $@10 '(' Expression • ')' $@11 '{' StmtList '}'

    ')'  偏移，並進入狀態 214


狀態 194

   91 ArrayAssignmentStmt: IDENT '[' Expression ']' • $@18 VAL_ASSIGN Expression
   93                    | IDENT '[' Expression ']' • '[' Expression ']' $@19 VAL_ASSIGN Expression

    '['  偏移，並進入狀態 215

    $default  使用規則 90 以縮減 ($@18)

    $@18  進入狀態 216


狀態 195

   77 IdentAssign: VAL_ASSIGN Expression •

    $default  使用規則 77 以縮減 (IdentAssign)


狀態 196

   78 IdentAssign: ADD_ASSIGN Expression •

    $default  使用規則 78 以縮減 (IdentAssign)


狀態 197

   79 IdentAssign: SUB_ASSIGN Expression •

    $default  使用規則 79 以縮減 (IdentAssign)


狀態 198

   80 IdentAssign: MUL_ASSIGN Expression •

    $default  使用規則 80 以縮減 (IdentAssign)


狀態 199

   81 IdentAssign: DIV_ASSIGN Expression •

    $default  使用規則 81 以縮減 (IdentAssign)


狀態 200

   87 IdentAssign: REM_ASSIGN Expression •

    $default  使用規則 87 以縮減 (IdentAssign)


狀態 201

   85 IdentAssign: BAN_ASSIGN Expression •

    $default  使用規則 85 以縮減 (IdentAssign)


狀態 202

   84 IdentAssign: BOR_ASSIGN Expression •

    $default  使用規則 84 以縮減 (IdentAssign)


狀態 203

   86 IdentAssign: BXO_ASSIGN Expression •

    $default  使用規則 86 以縮減 (IdentAssign)


狀態 204

   82 IdentAssign: SHR_ASSIGN Expression •

    $default  使用規則 82 以縮減 (IdentAssign)


狀態 205

   83 IdentAssign: SHL_ASSIGN Expression •

    $default  使用規則 83 以縮減 (IdentAssign)


狀態 206

   40 Stmt: IDENT $@7 IdentAssign ';' •

    $default  使用規則 40 以縮減 (Stmt)


狀態 207

   69 IFStmt: IF '(' Expression ')' $@13 • '{' StmtList '}' $@14 ElseStmt

    '{'  偏移，並進入狀態 217


狀態 208

   71 IFStmt: IF '(' Expression ')' $@15 • StmtList ElseStmt

    COUT        偏移，並進入狀態 125
    IF          偏移，並進入狀態 126
    FOR         偏移，並進入狀態 127
    WHILE       偏移，並進入狀態 128
    RETURN      偏移，並進入狀態 129
    BREAK       偏移，並進入狀態 130
    CONTINUE    偏移，並進入狀態 131
    VARIABLE_T  偏移，並進入狀態 132
    IDENT       偏移，並進入狀態 133
    ';'         偏移，並進入狀態 134

    DefineVariableStmt   進入狀態 135
    StmtList             進入狀態 218
    Stmt                 進入狀態 137
    IFStmt               進入狀態 138
    ArrayAssignmentStmt  進入狀態 139
    Callfunction         進入狀態 140


狀態 209

   54 For: VARIABLE_T • IDENT ':' IDENT
   55 F1: VARIABLE_T • F1_List1

    IDENT  偏移，並進入狀態 219

    F1_List1  進入狀態 220


狀態 210

   61 F1_List2: IDENT • VAL_ASSIGN Expression

    VAL_ASSIGN  偏移，並進入狀態 221


狀態 211

   44 Stmt: FOR $@8 '(' $@9 For • ')' '{' StmtList '}'

    ')'  偏移，並進入狀態 222


狀態 212

   53 For: F1 • ';' F2 ';' F3

    ';'  偏移，並進入狀態 223


狀態 213

   56 F1: F1_List2 •
   60 F1_List2: F1_List2 • ',' IDENT VAL_ASSIGN Expression

    ','  偏移，並進入狀態 224

    $default  使用規則 56 以縮減 (F1)


狀態 214

   47 Stmt: WHILE $@10 '(' Expression ')' • $@11 '{' StmtList '}'

    $default  使用規則 46 以縮減 ($@11)

    $@11  進入狀態 225


狀態 215

   93 ArrayAssignmentStmt: IDENT '[' Expression ']' '[' • Expression ']' $@19 VAL_ASSIGN Expression

    BNT        偏移，並進入狀態 21
    SUB        偏移，並進入狀態 22
    NOT        偏移，並進入狀態 23
    IDENT      偏移，並進入狀態 24
    STR_LIT    偏移，並進入狀態 25
    INT_LIT    偏移，並進入狀態 26
    FLOAT_LIT  偏移，並進入狀態 27
    BOOL_LIT   偏移，並進入狀態 28
    '('        偏移，並進入狀態 29

    Expression                進入狀態 226
    Callfunction              進入狀態 31
    LORExpression             進入狀態 32
    LANExpression             進入狀態 33
    BitwiseExpression         進入狀態 34
    RelationalExpression      進入狀態 35
    ShiftExpression           進入狀態 36
    AdditiveExpression        進入狀態 37
    MultiplicativeExpression  進入狀態 38
    CastExpression            進入狀態 39
    UnaryExpression           進入狀態 40
    PrimaryExpression         進入狀態 41


狀態 216

   91 ArrayAssignmentStmt: IDENT '[' Expression ']' $@18 • VAL_ASSIGN Expression

    VAL_ASSIGN  偏移，並進入狀態 227


狀態 217

   69 IFStmt: IF '(' Expression ')' $@13 '{' • StmtList '}' $@14 ElseStmt

    COUT        偏移，並進入狀態 125
    IF          偏移，並進入狀態 126
    FOR         偏移，並進入狀態 127
    WHILE       偏移，並進入狀態 128
    RETURN      偏移，並進入狀態 129
    BREAK       偏移，並進入狀態 130
    CONTINUE    偏移，並進入狀態 131
    VARIABLE_T  偏移，並進入狀態 132
    IDENT       偏移，並進入狀態 133
    ';'         偏移，並進入狀態 134

    DefineVariableStmt   進入狀態 135
    StmtList             進入狀態 228
    Stmt                 進入狀態 137
    IFStmt               進入狀態 138
    ArrayAssignmentStmt  進入狀態 139
    Callfunction         進入狀態 140


狀態 218

   33 StmtList: StmtList • Stmt
   71 IFStmt: IF '(' Expression ')' $@15 StmtList • ElseStmt

    COUT        偏移，並進入狀態 125
    IF          偏移，並進入狀態 126
    ELSE        偏移，並進入狀態 229
    FOR         偏移，並進入狀態 127
    WHILE       偏移，並進入狀態 128
    RETURN      偏移，並進入狀態 129
    BREAK       偏移，並進入狀態 130
    CONTINUE    偏移，並進入狀態 131
    VARIABLE_T  偏移，並進入狀態 132
    IDENT       偏移，並進入狀態 133
    ';'         偏移，並進入狀態 134

    COUT        [使用規則 76 以縮減 (ElseStmt)]
    IF          [使用規則 76 以縮減 (ElseStmt)]
    ELSE        [使用規則 76 以縮減 (ElseStmt)]
    FOR         [使用規則 76 以縮減 (ElseStmt)]
    WHILE       [使用規則 76 以縮減 (ElseStmt)]
    RETURN      [使用規則 76 以縮減 (ElseStmt)]
    BREAK       [使用規則 76 以縮減 (ElseStmt)]
    CONTINUE    [使用規則 76 以縮減 (ElseStmt)]
    VARIABLE_T  [使用規則 76 以縮減 (ElseStmt)]
    IDENT       [使用規則 76 以縮減 (ElseStmt)]
    ';'         [使用規則 76 以縮減 (ElseStmt)]
    $default    使用規則 76 以縮減 (ElseStmt)

    DefineVariableStmt   進入狀態 135
    Stmt                 進入狀態 158
    IFStmt               進入狀態 138
    ElseStmt             進入狀態 230
    ArrayAssignmentStmt  進入狀態 139
    Callfunction         進入狀態 140


狀態 219

   54 For: VARIABLE_T IDENT • ':' IDENT
   59 F1_List1: IDENT • VAL_ASSIGN Expression

    VAL_ASSIGN  偏移，並進入狀態 231
    ':'         偏移，並進入狀態 232


狀態 220

   55 F1: VARIABLE_T F1_List1 •
   58 F1_List1: F1_List1 • ',' IDENT VAL_ASSIGN Expression

    ','  偏移，並進入狀態 233

    $default  使用規則 55 以縮減 (F1)


狀態 221

   61 F1_List2: IDENT VAL_ASSIGN • Expression

    BNT        偏移，並進入狀態 21
    SUB        偏移，並進入狀態 22
    NOT        偏移，並進入狀態 23
    IDENT      偏移，並進入狀態 24
    STR_LIT    偏移，並進入狀態 25
    INT_LIT    偏移，並進入狀態 26
    FLOAT_LIT  偏移，並進入狀態 27
    BOOL_LIT   偏移，並進入狀態 28
    '('        偏移，並進入狀態 29

    Expression                進入狀態 234
    Callfunction              進入狀態 31
    LORExpression             進入狀態 32
    LANExpression             進入狀態 33
    BitwiseExpression         進入狀態 34
    RelationalExpression      進入狀態 35
    ShiftExpression           進入狀態 36
    AdditiveExpression        進入狀態 37
    MultiplicativeExpression  進入狀態 38
    CastExpression            進入狀態 39
    UnaryExpression           進入狀態 40
    PrimaryExpression         進入狀態 41


狀態 222

   44 Stmt: FOR $@8 '(' $@9 For ')' • '{' StmtList '}'

    '{'  偏移，並進入狀態 235


狀態 223

   53 For: F1 ';' • F2 ';' F3

    BNT        偏移，並進入狀態 21
    SUB        偏移，並進入狀態 22
    NOT        偏移，並進入狀態 23
    IDENT      偏移，並進入狀態 24
    STR_LIT    偏移，並進入狀態 25
    INT_LIT    偏移，並進入狀態 26
    FLOAT_LIT  偏移，並進入狀態 27
    BOOL_LIT   偏移，並進入狀態 28
    '('        偏移，並進入狀態 29

    $default  使用規則 63 以縮減 (F2)

    F2                        進入狀態 236
    Expression                進入狀態 237
    Callfunction              進入狀態 31
    LORExpression             進入狀態 32
    LANExpression             進入狀態 33
    BitwiseExpression         進入狀態 34
    RelationalExpression      進入狀態 35
    ShiftExpression           進入狀態 36
    AdditiveExpression        進入狀態 37
    MultiplicativeExpression  進入狀態 38
    CastExpression            進入狀態 39
    UnaryExpression           進入狀態 40
    PrimaryExpression         進入狀態 41


狀態 224

   60 F1_List2: F1_List2 ',' • IDENT VAL_ASSIGN Expression

    IDENT  偏移，並進入狀態 238


狀態 225

   47 Stmt: WHILE $@10 '(' Expression ')' $@11 • '{' StmtList '}'

    '{'  偏移，並進入狀態 239


狀態 226

   93 ArrayAssignmentStmt: IDENT '[' Expression ']' '[' Expression • ']' $@19 VAL_ASSIGN Expression

    ']'  偏移，並進入狀態 240


狀態 227

   91 ArrayAssignmentStmt: IDENT '[' Expression ']' $@18 VAL_ASSIGN • Expression

    BNT        偏移，並進入狀態 21
    SUB        偏移，並進入狀態 22
    NOT        偏移，並進入狀態 23
    IDENT      偏移，並進入狀態 24
    STR_LIT    偏移，並進入狀態 25
    INT_LIT    偏移，並進入狀態 26
    FLOAT_LIT  偏移，並進入狀態 27
    BOOL_LIT   偏移，並進入狀態 28
    '('        偏移，並進入狀態 29

    Expression                進入狀態 241
    Callfunction              進入狀態 31
    LORExpression             進入狀態 32
    LANExpression             進入狀態 33
    BitwiseExpression         進入狀態 34
    RelationalExpression      進入狀態 35
    ShiftExpression           進入狀態 36
    AdditiveExpression        進入狀態 37
    MultiplicativeExpression  進入狀態 38
    CastExpression            進入狀態 39
    UnaryExpression           進入狀態 40
    PrimaryExpression         進入狀態 41


狀態 228

   33 StmtList: StmtList • Stmt
   69 IFStmt: IF '(' Expression ')' $@13 '{' StmtList • '}' $@14 ElseStmt

    COUT        偏移，並進入狀態 125
    IF          偏移，並進入狀態 126
    FOR         偏移，並進入狀態 127
    WHILE       偏移，並進入狀態 128
    RETURN      偏移，並進入狀態 129
    BREAK       偏移，並進入狀態 130
    CONTINUE    偏移，並進入狀態 131
    VARIABLE_T  偏移，並進入狀態 132
    IDENT       偏移，並進入狀態 133
    ';'         偏移，並進入狀態 134
    '}'         偏移，並進入狀態 242

    DefineVariableStmt   進入狀態 135
    Stmt                 進入狀態 158
    IFStmt               進入狀態 138
    ArrayAssignmentStmt  進入狀態 139
    Callfunction         進入狀態 140


狀態 229

   73 ElseStmt: ELSE • $@16 '{' StmtList '}'
   75         | ELSE • $@17 IFStmt

    IF        使用規則 74 以縮減 ($@17)
    $default  使用規則 72 以縮減 ($@16)

    $@16  進入狀態 243
    $@17  進入狀態 244


狀態 230

   71 IFStmt: IF '(' Expression ')' $@15 StmtList ElseStmt •

    $default  使用規則 71 以縮減 (IFStmt)


狀態 231

   59 F1_List1: IDENT VAL_ASSIGN • Expression

    BNT        偏移，並進入狀態 21
    SUB        偏移，並進入狀態 22
    NOT        偏移，並進入狀態 23
    IDENT      偏移，並進入狀態 24
    STR_LIT    偏移，並進入狀態 25
    INT_LIT    偏移，並進入狀態 26
    FLOAT_LIT  偏移，並進入狀態 27
    BOOL_LIT   偏移，並進入狀態 28
    '('        偏移，並進入狀態 29

    Expression                進入狀態 245
    Callfunction              進入狀態 31
    LORExpression             進入狀態 32
    LANExpression             進入狀態 33
    BitwiseExpression         進入狀態 34
    RelationalExpression      進入狀態 35
    ShiftExpression           進入狀態 36
    AdditiveExpression        進入狀態 37
    MultiplicativeExpression  進入狀態 38
    CastExpression            進入狀態 39
    UnaryExpression           進入狀態 40
    PrimaryExpression         進入狀態 41


狀態 232

   54 For: VARIABLE_T IDENT ':' • IDENT

    IDENT  偏移，並進入狀態 246


狀態 233

   58 F1_List1: F1_List1 ',' • IDENT VAL_ASSIGN Expression

    IDENT  偏移，並進入狀態 247


狀態 234

   61 F1_List2: IDENT VAL_ASSIGN Expression •

    $default  使用規則 61 以縮減 (F1_List2)


狀態 235

   44 Stmt: FOR $@8 '(' $@9 For ')' '{' • StmtList '}'

    COUT        偏移，並進入狀態 125
    IF          偏移，並進入狀態 126
    FOR         偏移，並進入狀態 127
    WHILE       偏移，並進入狀態 128
    RETURN      偏移，並進入狀態 129
    BREAK       偏移，並進入狀態 130
    CONTINUE    偏移，並進入狀態 131
    VARIABLE_T  偏移，並進入狀態 132
    IDENT       偏移，並進入狀態 133
    ';'         偏移，並進入狀態 134

    DefineVariableStmt   進入狀態 135
    StmtList             進入狀態 248
    Stmt                 進入狀態 137
    IFStmt               進入狀態 138
    ArrayAssignmentStmt  進入狀態 139
    Callfunction         進入狀態 140


狀態 236

   53 For: F1 ';' F2 • ';' F3

    ';'  偏移，並進入狀態 249


狀態 237

   62 F2: Expression •

    $default  使用規則 62 以縮減 (F2)


狀態 238

   60 F1_List2: F1_List2 ',' IDENT • VAL_ASSIGN Expression

    VAL_ASSIGN  偏移，並進入狀態 250


狀態 239

   47 Stmt: WHILE $@10 '(' Expression ')' $@11 '{' • StmtList '}'

    COUT        偏移，並進入狀態 125
    IF          偏移，並進入狀態 126
    FOR         偏移，並進入狀態 127
    WHILE       偏移，並進入狀態 128
    RETURN      偏移，並進入狀態 129
    BREAK       偏移，並進入狀態 130
    CONTINUE    偏移，並進入狀態 131
    VARIABLE_T  偏移，並進入狀態 132
    IDENT       偏移，並進入狀態 133
    ';'         偏移，並進入狀態 134

    DefineVariableStmt   進入狀態 135
    StmtList             進入狀態 251
    Stmt                 進入狀態 137
    IFStmt               進入狀態 138
    ArrayAssignmentStmt  進入狀態 139
    Callfunction         進入狀態 140


狀態 240

   93 ArrayAssignmentStmt: IDENT '[' Expression ']' '[' Expression ']' • $@19 VAL_ASSIGN Expression

    $default  使用規則 92 以縮減 ($@19)

    $@19  進入狀態 252


狀態 241

   91 ArrayAssignmentStmt: IDENT '[' Expression ']' $@18 VAL_ASSIGN Expression •

    $default  使用規則 91 以縮減 (ArrayAssignmentStmt)


狀態 242

   69 IFStmt: IF '(' Expression ')' $@13 '{' StmtList '}' • $@14 ElseStmt

    $default  使用規則 68 以縮減 ($@14)

    $@14  進入狀態 253


狀態 243

   73 ElseStmt: ELSE $@16 • '{' StmtList '}'

    '{'  偏移，並進入狀態 254


狀態 244

   75 ElseStmt: ELSE $@17 • IFStmt

    IF  偏移，並進入狀態 126

    IFStmt  進入狀態 255


狀態 245

   59 F1_List1: IDENT VAL_ASSIGN Expression •

    $default  使用規則 59 以縮減 (F1_List1)


狀態 246

   54 For: VARIABLE_T IDENT ':' IDENT •

    $default  使用規則 54 以縮減 (For)


狀態 247

   58 F1_List1: F1_List1 ',' IDENT • VAL_ASSIGN Expression

    VAL_ASSIGN  偏移，並進入狀態 256


狀態 248

   33 StmtList: StmtList • Stmt
   44 Stmt: FOR $@8 '(' $@9 For ')' '{' StmtList • '}'

    COUT        偏移，並進入狀態 125
    IF          偏移，並進入狀態 126
    FOR         偏移，並進入狀態 127
    WHILE       偏移，並進入狀態 128
    RETURN      偏移，並進入狀態 129
    BREAK       偏移，並進入狀態 130
    CONTINUE    偏移，並進入狀態 131
    VARIABLE_T  偏移，並進入狀態 132
    IDENT       偏移，並進入狀態 133
    ';'         偏移，並進入狀態 134
    '}'         偏移，並進入狀態 257

    DefineVariableStmt   進入狀態 135
    Stmt                 進入狀態 158
    IFStmt               進入狀態 138
    ArrayAssignmentStmt  進入狀態 139
    Callfunction         進入狀態 140


狀態 249

   53 For: F1 ';' F2 ';' • F3

    IDENT  偏移，並進入狀態 258

    $default  使用規則 66 以縮減 (F3)

    F3  進入狀態 259


狀態 250

   60 F1_List2: F1_List2 ',' IDENT VAL_ASSIGN • Expression

    BNT        偏移，並進入狀態 21
    SUB        偏移，並進入狀態 22
    NOT        偏移，並進入狀態 23
    IDENT      偏移，並進入狀態 24
    STR_LIT    偏移，並進入狀態 25
    INT_LIT    偏移，並進入狀態 26
    FLOAT_LIT  偏移，並進入狀態 27
    BOOL_LIT   偏移，並進入狀態 28
    '('        偏移，並進入狀態 29

    Expression                進入狀態 260
    Callfunction              進入狀態 31
    LORExpression             進入狀態 32
    LANExpression             進入狀態 33
    BitwiseExpression         進入狀態 34
    RelationalExpression      進入狀態 35
    ShiftExpression           進入狀態 36
    AdditiveExpression        進入狀態 37
    MultiplicativeExpression  進入狀態 38
    CastExpression            進入狀態 39
    UnaryExpression           進入狀態 40
    PrimaryExpression         進入狀態 41


狀態 251

   33 StmtList: StmtList • Stmt
   47 Stmt: WHILE $@10 '(' Expression ')' $@11 '{' StmtList • '}'

    COUT        偏移，並進入狀態 125
    IF          偏移，並進入狀態 126
    FOR         偏移，並進入狀態 127
    WHILE       偏移，並進入狀態 128
    RETURN      偏移，並進入狀態 129
    BREAK       偏移，並進入狀態 130
    CONTINUE    偏移，並進入狀態 131
    VARIABLE_T  偏移，並進入狀態 132
    IDENT       偏移，並進入狀態 133
    ';'         偏移，並進入狀態 134
    '}'         偏移，並進入狀態 261

    DefineVariableStmt   進入狀態 135
    Stmt                 進入狀態 158
    IFStmt               進入狀態 138
    ArrayAssignmentStmt  進入狀態 139
    Callfunction         進入狀態 140


狀態 252

   93 ArrayAssignmentStmt: IDENT '[' Expression ']' '[' Expression ']' $@19 • VAL_ASSIGN Expression

    VAL_ASSIGN  偏移，並進入狀態 262


狀態 253

   69 IFStmt: IF '(' Expression ')' $@13 '{' StmtList '}' $@14 • ElseStmt

    ELSE  偏移，並進入狀態 229

    ELSE      [使用規則 76 以縮減 (ElseStmt)]
    $default  使用規則 76 以縮減 (ElseStmt)

    ElseStmt  進入狀態 263


狀態 254

   73 ElseStmt: ELSE $@16 '{' • StmtList '}'

    COUT        偏移，並進入狀態 125
    IF          偏移，並進入狀態 126
    FOR         偏移，並進入狀態 127
    WHILE       偏移，並進入狀態 128
    RETURN      偏移，並進入狀態 129
    BREAK       偏移，並進入狀態 130
    CONTINUE    偏移，並進入狀態 131
    VARIABLE_T  偏移，並進入狀態 132
    IDENT       偏移，並進入狀態 133
    ';'         偏移，並進入狀態 134

    DefineVariableStmt   進入狀態 135
    StmtList             進入狀態 264
    Stmt                 進入狀態 137
    IFStmt               進入狀態 138
    ArrayAssignmentStmt  進入狀態 139
    Callfunction         進入狀態 140


狀態 255

   75 ElseStmt: ELSE $@17 IFStmt •

    $default  使用規則 75 以縮減 (ElseStmt)


狀態 256

   58 F1_List1: F1_List1 ',' IDENT VAL_ASSIGN • Expression

    BNT        偏移，並進入狀態 21
    SUB        偏移，並進入狀態 22
    NOT        偏移，並進入狀態 23
    IDENT      偏移，並進入狀態 24
    STR_LIT    偏移，並進入狀態 25
    INT_LIT    偏移，並進入狀態 26
    FLOAT_LIT  偏移，並進入狀態 27
    BOOL_LIT   偏移，並進入狀態 28
    '('        偏移，並進入狀態 29

    Expression                進入狀態 265
    Callfunction              進入狀態 31
    LORExpression             進入狀態 32
    LANExpression             進入狀態 33
    BitwiseExpression         進入狀態 34
    RelationalExpression      進入狀態 35
    ShiftExpression           進入狀態 36
    AdditiveExpression        進入狀態 37
    MultiplicativeExpression  進入狀態 38
    CastExpression            進入狀態 39
    UnaryExpression           進入狀態 40
    PrimaryExpression         進入狀態 41


狀態 257

   44 Stmt: FOR $@8 '(' $@9 For ')' '{' StmtList '}' •

    $default  使用規則 44 以縮減 (Stmt)


狀態 258

   65 F3: IDENT • $@12 IdentAssign

    $default  使用規則 64 以縮減 ($@12)

    $@12  進入狀態 266


狀態 259

   53 For: F1 ';' F2 ';' F3 •

    $default  使用規則 53 以縮減 (For)


狀態 260

   60 F1_List2: F1_List2 ',' IDENT VAL_ASSIGN Expression •

    $default  使用規則 60 以縮減 (F1_List2)


狀態 261

   47 Stmt: WHILE $@10 '(' Expression ')' $@11 '{' StmtList '}' •

    $default  使用規則 47 以縮減 (Stmt)


狀態 262

   93 ArrayAssignmentStmt: IDENT '[' Expression ']' '[' Expression ']' $@19 VAL_ASSIGN • Expression

    BNT        偏移，並進入狀態 21
    SUB        偏移，並進入狀態 22
    NOT        偏移，並進入狀態 23
    IDENT      偏移，並進入狀態 24
    STR_LIT    偏移，並進入狀態 25
    INT_LIT    偏移，並進入狀態 26
    FLOAT_LIT  偏移，並進入狀態 27
    BOOL_LIT   偏移，並進入狀態 28
    '('        偏移，並進入狀態 29

    Expression                進入狀態 267
    Callfunction              進入狀態 31
    LORExpression             進入狀態 32
    LANExpression             進入狀態 33
    BitwiseExpression         進入狀態 34
    RelationalExpression      進入狀態 35
    ShiftExpression           進入狀態 36
    AdditiveExpression        進入狀態 37
    MultiplicativeExpression  進入狀態 38
    CastExpression            進入狀態 39
    UnaryExpression           進入狀態 40
    PrimaryExpression         進入狀態 41


狀態 263

   69 IFStmt: IF '(' Expression ')' $@13 '{' StmtList '}' $@14 ElseStmt •

    $default  使用規則 69 以縮減 (IFStmt)


狀態 264

   33 StmtList: StmtList • Stmt
   73 ElseStmt: ELSE $@16 '{' StmtList • '}'

    COUT        偏移，並進入狀態 125
    IF          偏移，並進入狀態 126
    FOR         偏移，並進入狀態 127
    WHILE       偏移，並進入狀態 128
    RETURN      偏移，並進入狀態 129
    BREAK       偏移，並進入狀態 130
    CONTINUE    偏移，並進入狀態 131
    VARIABLE_T  偏移，並進入狀態 132
    IDENT       偏移，並進入狀態 133
    ';'         偏移，並進入狀態 134
    '}'         偏移，並進入狀態 268

    DefineVariableStmt   進入狀態 135
    Stmt                 進入狀態 158
    IFStmt               進入狀態 138
    ArrayAssignmentStmt  進入狀態 139
    Callfunction         進入狀態 140


狀態 265

   58 F1_List1: F1_List1 ',' IDENT VAL_ASSIGN Expression •

    $default  使用規則 58 以縮減 (F1_List1)


狀態 266

   65 F3: IDENT $@12 • IdentAssign

    VAL_ASSIGN  偏移，並進入狀態 174
    ADD_ASSIGN  偏移，並進入狀態 175
    SUB_ASSIGN  偏移，並進入狀態 176
    MUL_ASSIGN  偏移，並進入狀態 177
    DIV_ASSIGN  偏移，並進入狀態 178
    REM_ASSIGN  偏移，並進入狀態 179
    BAN_ASSIGN  偏移，並進入狀態 180
    BOR_ASSIGN  偏移，並進入狀態 181
    BXO_ASSIGN  偏移，並進入狀態 182
    SHR_ASSIGN  偏移，並進入狀態 183
    SHL_ASSIGN  偏移，並進入狀態 184
    INC_ASSIGN  偏移，並進入狀態 185
    DEC_ASSIGN  偏移，並進入狀態 186

    IdentAssign  進入狀態 269


狀態 267

   93 ArrayAssignmentStmt: IDENT '[' Expression ']' '[' Expression ']' $@19 VAL_ASSIGN Expression •

    $default  使用規則 93 以縮減 (ArrayAssignmentStmt)


狀態 268

   73 ElseStmt: ELSE $@16 '{' StmtList '}' •

    $default  使用規則 73 以縮減 (ElseStmt)


狀態 269

   65 F3: IDENT $@12 IdentAssign •

    $default  使用規則 65 以縮減 (F3)
